
Lab5-atmega32u4.elf:     file format elf32-avr


Disassembly of section .text:

00000000 <__vectors>:
   0:	55 c0       	rjmp	.+170    	; 0xac <__ctors_end>
   2:	00 00       	nop
   4:	63 c0       	rjmp	.+198    	; 0xcc <__bad_interrupt>
   6:	00 00       	nop
   8:	61 c0       	rjmp	.+194    	; 0xcc <__bad_interrupt>
   a:	00 00       	nop
   c:	5f c0       	rjmp	.+190    	; 0xcc <__bad_interrupt>
   e:	00 00       	nop
  10:	5d c0       	rjmp	.+186    	; 0xcc <__bad_interrupt>
  12:	00 00       	nop
  14:	5b c0       	rjmp	.+182    	; 0xcc <__bad_interrupt>
  16:	00 00       	nop
  18:	59 c0       	rjmp	.+178    	; 0xcc <__bad_interrupt>
  1a:	00 00       	nop
  1c:	57 c0       	rjmp	.+174    	; 0xcc <__bad_interrupt>
  1e:	00 00       	nop
  20:	55 c0       	rjmp	.+170    	; 0xcc <__bad_interrupt>
  22:	00 00       	nop
  24:	53 c0       	rjmp	.+166    	; 0xcc <__bad_interrupt>
  26:	00 00       	nop
  28:	51 c0       	rjmp	.+162    	; 0xcc <__bad_interrupt>
  2a:	00 00       	nop
  2c:	4f c0       	rjmp	.+158    	; 0xcc <__bad_interrupt>
  2e:	00 00       	nop
  30:	4d c0       	rjmp	.+154    	; 0xcc <__bad_interrupt>
  32:	00 00       	nop
  34:	4b c0       	rjmp	.+150    	; 0xcc <__bad_interrupt>
  36:	00 00       	nop
  38:	49 c0       	rjmp	.+146    	; 0xcc <__bad_interrupt>
  3a:	00 00       	nop
  3c:	47 c0       	rjmp	.+142    	; 0xcc <__bad_interrupt>
  3e:	00 00       	nop
  40:	45 c0       	rjmp	.+138    	; 0xcc <__bad_interrupt>
  42:	00 00       	nop
  44:	43 c0       	rjmp	.+134    	; 0xcc <__bad_interrupt>
  46:	00 00       	nop
  48:	41 c0       	rjmp	.+130    	; 0xcc <__bad_interrupt>
  4a:	00 00       	nop
  4c:	3f c0       	rjmp	.+126    	; 0xcc <__bad_interrupt>
  4e:	00 00       	nop
  50:	3d c0       	rjmp	.+122    	; 0xcc <__bad_interrupt>
  52:	00 00       	nop
  54:	3b c0       	rjmp	.+118    	; 0xcc <__bad_interrupt>
  56:	00 00       	nop
  58:	39 c0       	rjmp	.+114    	; 0xcc <__bad_interrupt>
  5a:	00 00       	nop
  5c:	37 c0       	rjmp	.+110    	; 0xcc <__bad_interrupt>
  5e:	00 00       	nop
  60:	35 c0       	rjmp	.+106    	; 0xcc <__bad_interrupt>
  62:	00 00       	nop
  64:	33 c0       	rjmp	.+102    	; 0xcc <__bad_interrupt>
  66:	00 00       	nop
  68:	31 c0       	rjmp	.+98     	; 0xcc <__bad_interrupt>
  6a:	00 00       	nop
  6c:	2f c0       	rjmp	.+94     	; 0xcc <__bad_interrupt>
  6e:	00 00       	nop
  70:	2d c0       	rjmp	.+90     	; 0xcc <__bad_interrupt>
  72:	00 00       	nop
  74:	2b c0       	rjmp	.+86     	; 0xcc <__bad_interrupt>
  76:	00 00       	nop
  78:	29 c0       	rjmp	.+82     	; 0xcc <__bad_interrupt>
  7a:	00 00       	nop
  7c:	27 c0       	rjmp	.+78     	; 0xcc <__bad_interrupt>
  7e:	00 00       	nop
  80:	25 c0       	rjmp	.+74     	; 0xcc <__bad_interrupt>
  82:	00 00       	nop
  84:	23 c0       	rjmp	.+70     	; 0xcc <__bad_interrupt>
  86:	00 00       	nop
  88:	21 c0       	rjmp	.+66     	; 0xcc <__bad_interrupt>
  8a:	00 00       	nop
  8c:	1f c0       	rjmp	.+62     	; 0xcc <__bad_interrupt>
  8e:	00 00       	nop
  90:	1d c0       	rjmp	.+58     	; 0xcc <__bad_interrupt>
  92:	00 00       	nop
  94:	1b c0       	rjmp	.+54     	; 0xcc <__bad_interrupt>
  96:	00 00       	nop
  98:	19 c0       	rjmp	.+50     	; 0xcc <__bad_interrupt>
  9a:	00 00       	nop
  9c:	17 c0       	rjmp	.+46     	; 0xcc <__bad_interrupt>
  9e:	00 00       	nop
  a0:	15 c0       	rjmp	.+42     	; 0xcc <__bad_interrupt>
  a2:	00 00       	nop
  a4:	13 c0       	rjmp	.+38     	; 0xcc <__bad_interrupt>
  a6:	00 00       	nop
  a8:	11 c0       	rjmp	.+34     	; 0xcc <__bad_interrupt>
	...

000000ac <__ctors_end>:
  ac:	11 24       	eor	r1, r1
  ae:	1f be       	out	0x3f, r1	; 63
  b0:	cf ef       	ldi	r28, 0xFF	; 255
  b2:	da e0       	ldi	r29, 0x0A	; 10
  b4:	de bf       	out	0x3e, r29	; 62
  b6:	cd bf       	out	0x3d, r28	; 61

000000b8 <__do_clear_bss>:
  b8:	21 e0       	ldi	r18, 0x01	; 1
  ba:	a0 e0       	ldi	r26, 0x00	; 0
  bc:	b1 e0       	ldi	r27, 0x01	; 1
  be:	01 c0       	rjmp	.+2      	; 0xc2 <.do_clear_bss_start>

000000c0 <.do_clear_bss_loop>:
  c0:	1d 92       	st	X+, r1

000000c2 <.do_clear_bss_start>:
  c2:	a0 30       	cpi	r26, 0x00	; 0
  c4:	b2 07       	cpc	r27, r18
  c6:	e1 f7       	brne	.-8      	; 0xc0 <.do_clear_bss_loop>
  c8:	02 d0       	rcall	.+4      	; 0xce <main>
  ca:	04 c0       	rjmp	.+8      	; 0xd4 <_exit>

000000cc <__bad_interrupt>:
  cc:	99 cf       	rjmp	.-206    	; 0x0 <__vectors>

000000ce <main>:
  ce:	80 e0       	ldi	r24, 0x00	; 0
  d0:	90 e0       	ldi	r25, 0x00	; 0
  d2:	08 95       	ret

000000d4 <_exit>:
  d4:	f8 94       	cli

000000d6 <__stop_program>:
  d6:	ff cf       	rjmp	.-2      	; 0xd6 <__stop_program>
