
Lab0-atmega32u4.elf:     file format elf32-avr


Disassembly of section .text:

00000000 <__vectors>:
   0:	b0 c0       	rjmp	.+352    	; 0x162 <__ctors_end>
   2:	00 00       	nop
   4:	c1 c0       	rjmp	.+386    	; 0x188 <__bad_interrupt>
   6:	00 00       	nop
   8:	bf c0       	rjmp	.+382    	; 0x188 <__bad_interrupt>
   a:	00 00       	nop
   c:	bd c0       	rjmp	.+378    	; 0x188 <__bad_interrupt>
   e:	00 00       	nop
  10:	bb c0       	rjmp	.+374    	; 0x188 <__bad_interrupt>
  12:	00 00       	nop
  14:	b9 c0       	rjmp	.+370    	; 0x188 <__bad_interrupt>
  16:	00 00       	nop
  18:	b7 c0       	rjmp	.+366    	; 0x188 <__bad_interrupt>
  1a:	00 00       	nop
  1c:	b5 c0       	rjmp	.+362    	; 0x188 <__bad_interrupt>
  1e:	00 00       	nop
  20:	b3 c0       	rjmp	.+358    	; 0x188 <__bad_interrupt>
  22:	00 00       	nop
  24:	b1 c0       	rjmp	.+354    	; 0x188 <__bad_interrupt>
  26:	00 00       	nop
  28:	af c0       	rjmp	.+350    	; 0x188 <__bad_interrupt>
  2a:	00 00       	nop
  2c:	ad c0       	rjmp	.+346    	; 0x188 <__bad_interrupt>
  2e:	00 00       	nop
  30:	ab c0       	rjmp	.+342    	; 0x188 <__bad_interrupt>
  32:	00 00       	nop
  34:	a9 c0       	rjmp	.+338    	; 0x188 <__bad_interrupt>
  36:	00 00       	nop
  38:	a7 c0       	rjmp	.+334    	; 0x188 <__bad_interrupt>
  3a:	00 00       	nop
  3c:	a5 c0       	rjmp	.+330    	; 0x188 <__bad_interrupt>
  3e:	00 00       	nop
  40:	a3 c0       	rjmp	.+326    	; 0x188 <__bad_interrupt>
  42:	00 00       	nop
  44:	a1 c0       	rjmp	.+322    	; 0x188 <__bad_interrupt>
  46:	00 00       	nop
  48:	9f c0       	rjmp	.+318    	; 0x188 <__bad_interrupt>
  4a:	00 00       	nop
  4c:	9d c0       	rjmp	.+314    	; 0x188 <__bad_interrupt>
  4e:	00 00       	nop
  50:	9b c0       	rjmp	.+310    	; 0x188 <__bad_interrupt>
  52:	00 00       	nop
  54:	99 c0       	rjmp	.+306    	; 0x188 <__bad_interrupt>
  56:	00 00       	nop
  58:	97 c0       	rjmp	.+302    	; 0x188 <__bad_interrupt>
  5a:	00 00       	nop
  5c:	95 c0       	rjmp	.+298    	; 0x188 <__bad_interrupt>
  5e:	00 00       	nop
  60:	93 c0       	rjmp	.+294    	; 0x188 <__bad_interrupt>
  62:	00 00       	nop
  64:	91 c0       	rjmp	.+290    	; 0x188 <__bad_interrupt>
  66:	00 00       	nop
  68:	8f c0       	rjmp	.+286    	; 0x188 <__bad_interrupt>
  6a:	00 00       	nop
  6c:	8d c0       	rjmp	.+282    	; 0x188 <__bad_interrupt>
  6e:	00 00       	nop
  70:	8b c0       	rjmp	.+278    	; 0x188 <__bad_interrupt>
  72:	00 00       	nop
  74:	89 c0       	rjmp	.+274    	; 0x188 <__bad_interrupt>
  76:	00 00       	nop
  78:	87 c0       	rjmp	.+270    	; 0x188 <__bad_interrupt>
  7a:	00 00       	nop
  7c:	85 c0       	rjmp	.+266    	; 0x188 <__bad_interrupt>
  7e:	00 00       	nop
  80:	83 c0       	rjmp	.+262    	; 0x188 <__bad_interrupt>
  82:	00 00       	nop
  84:	81 c0       	rjmp	.+258    	; 0x188 <__bad_interrupt>
  86:	00 00       	nop
  88:	7f c0       	rjmp	.+254    	; 0x188 <__bad_interrupt>
  8a:	00 00       	nop
  8c:	7d c0       	rjmp	.+250    	; 0x188 <__bad_interrupt>
  8e:	00 00       	nop
  90:	7b c0       	rjmp	.+246    	; 0x188 <__bad_interrupt>
  92:	00 00       	nop
  94:	79 c0       	rjmp	.+242    	; 0x188 <__bad_interrupt>
  96:	00 00       	nop
  98:	77 c0       	rjmp	.+238    	; 0x188 <__bad_interrupt>
  9a:	00 00       	nop
  9c:	75 c0       	rjmp	.+234    	; 0x188 <__bad_interrupt>
  9e:	00 00       	nop
  a0:	73 c0       	rjmp	.+230    	; 0x188 <__bad_interrupt>
  a2:	00 00       	nop
  a4:	71 c0       	rjmp	.+226    	; 0x188 <__bad_interrupt>
  a6:	00 00       	nop
  a8:	6f c0       	rjmp	.+222    	; 0x188 <__bad_interrupt>
  aa:	00 00       	nop
  ac:	45 02       	muls	r20, r21
  ae:	3b 02       	muls	r19, r27
  b0:	45 02       	muls	r20, r21
  b2:	45 02       	muls	r20, r21
  b4:	45 02       	muls	r20, r21
  b6:	45 02       	muls	r20, r21
  b8:	45 02       	muls	r20, r21
  ba:	45 02       	muls	r20, r21
  bc:	45 02       	muls	r20, r21
  be:	45 02       	muls	r20, r21
  c0:	45 02       	muls	r20, r21
  c2:	45 02       	muls	r20, r21
  c4:	45 02       	muls	r20, r21
  c6:	45 02       	muls	r20, r21
  c8:	36 02       	muls	r19, r22
  ca:	45 02       	muls	r20, r21
  cc:	31 02       	muls	r19, r17
  ce:	04 02       	muls	r16, r20
  d0:	09 02       	muls	r16, r25
  d2:	0e 02       	muls	r16, r30
  d4:	13 02       	muls	r17, r19
  d6:	18 02       	muls	r17, r24
  d8:	1d 02       	muls	r17, r29
  da:	22 02       	muls	r18, r18
  dc:	27 02       	muls	r18, r23
  de:	2c 02       	muls	r18, r28
  e0:	45 02       	muls	r20, r21
  e2:	45 02       	muls	r20, r21
  e4:	45 02       	muls	r20, r21
  e6:	45 02       	muls	r20, r21
  e8:	45 02       	muls	r20, r21
  ea:	40 02       	muls	r20, r16
  ec:	45 02       	muls	r20, r21
  ee:	45 02       	muls	r20, r21
  f0:	45 02       	muls	r20, r21
  f2:	45 02       	muls	r20, r21
  f4:	45 02       	muls	r20, r21
  f6:	45 02       	muls	r20, r21
  f8:	45 02       	muls	r20, r21
  fa:	45 02       	muls	r20, r21
  fc:	45 02       	muls	r20, r21
  fe:	45 02       	muls	r20, r21
 100:	45 02       	muls	r20, r21
 102:	45 02       	muls	r20, r21
 104:	45 02       	muls	r20, r21
 106:	45 02       	muls	r20, r21
 108:	45 02       	muls	r20, r21
 10a:	45 02       	muls	r20, r21
 10c:	45 02       	muls	r20, r21
 10e:	45 02       	muls	r20, r21
 110:	45 02       	muls	r20, r21
 112:	45 02       	muls	r20, r21
 114:	45 02       	muls	r20, r21
 116:	45 02       	muls	r20, r21
 118:	45 02       	muls	r20, r21
 11a:	45 02       	muls	r20, r21
 11c:	45 02       	muls	r20, r21
 11e:	45 02       	muls	r20, r21
 120:	45 02       	muls	r20, r21
 122:	45 02       	muls	r20, r21
 124:	45 02       	muls	r20, r21
 126:	45 02       	muls	r20, r21
 128:	45 02       	muls	r20, r21
 12a:	45 02       	muls	r20, r21
 12c:	45 02       	muls	r20, r21
 12e:	88 01       	movw	r16, r16
 130:	8d 01       	movw	r16, r26
 132:	96 01       	movw	r18, r12
 134:	8d 01       	movw	r16, r26
 136:	9b 01       	movw	r18, r22
 138:	a0 01       	movw	r20, r0
 13a:	45 02       	muls	r20, r21
 13c:	a5 01       	movw	r20, r10
 13e:	aa 01       	movw	r20, r20
 140:	af 01       	movw	r20, r30
 142:	b4 01       	movw	r22, r8
 144:	b9 01       	movw	r22, r18
 146:	be 01       	movw	r22, r28
 148:	c3 01       	movw	r24, r6
 14a:	c8 01       	movw	r24, r16
 14c:	cd 01       	movw	r24, r26
 14e:	d2 01       	movw	r26, r4
 150:	d7 01       	movw	r26, r14
 152:	dc 01       	movw	r26, r24
 154:	e1 01       	movw	r28, r2
 156:	e6 01       	movw	r28, r12
 158:	eb 01       	movw	r28, r22
 15a:	f0 01       	movw	r30, r0
 15c:	f5 01       	movw	r30, r10
 15e:	fa 01       	movw	r30, r20
 160:	ff 01       	movw	r30, r30

00000162 <__ctors_end>:
 162:	11 24       	eor	r1, r1
 164:	1f be       	out	0x3f, r1	; 63
 166:	cf ef       	ldi	r28, 0xFF	; 255
 168:	da e0       	ldi	r29, 0x0A	; 10
 16a:	de bf       	out	0x3e, r29	; 62
 16c:	cd bf       	out	0x3d, r28	; 61

0000016e <__do_copy_data>:
 16e:	11 e0       	ldi	r17, 0x01	; 1
 170:	a0 e0       	ldi	r26, 0x00	; 0
 172:	b1 e0       	ldi	r27, 0x01	; 1
 174:	e0 ef       	ldi	r30, 0xF0	; 240
 176:	f4 e0       	ldi	r31, 0x04	; 4
 178:	02 c0       	rjmp	.+4      	; 0x17e <__do_copy_data+0x10>
 17a:	05 90       	lpm	r0, Z+
 17c:	0d 92       	st	X+, r0
 17e:	a6 38       	cpi	r26, 0x86	; 134
 180:	b1 07       	cpc	r27, r17
 182:	d9 f7       	brne	.-10     	; 0x17a <__do_copy_data+0xc>
 184:	2c d0       	rcall	.+88     	; 0x1de <main>
 186:	b2 c1       	rjmp	.+868    	; 0x4ec <_exit>

00000188 <__bad_interrupt>:
 188:	3b cf       	rjmp	.-394    	; 0x0 <__vectors>

0000018a <blink_morse_str>:
 18a:	cf 92       	push	r12
 18c:	df 92       	push	r13
 18e:	ef 92       	push	r14
 190:	ff 92       	push	r15
 192:	0f 93       	push	r16
 194:	1f 93       	push	r17
 196:	cf 93       	push	r28
 198:	df 93       	push	r29
 19a:	ec 01       	movw	r28, r24
 19c:	8c 01       	movw	r16, r24
 19e:	6b 01       	movw	r12, r22
 1a0:	e1 2c       	mov	r14, r1
 1a2:	f1 2c       	mov	r15, r1
 1a4:	fe 01       	movw	r30, r28
 1a6:	01 90       	ld	r0, Z+
 1a8:	00 20       	and	r0, r0
 1aa:	e9 f7       	brne	.-6      	; 0x1a6 <blink_morse_str+0x1c>
 1ac:	31 97       	sbiw	r30, 0x01	; 1
 1ae:	ec 1b       	sub	r30, r28
 1b0:	fd 0b       	sbc	r31, r29
 1b2:	c8 01       	movw	r24, r16
 1b4:	8c 1b       	sub	r24, r28
 1b6:	9d 0b       	sbc	r25, r29
 1b8:	8e 17       	cp	r24, r30
 1ba:	9f 07       	cpc	r25, r31
 1bc:	38 f4       	brcc	.+14     	; 0x1cc <blink_morse_str+0x42>
 1be:	b7 01       	movw	r22, r14
 1c0:	a6 01       	movw	r20, r12
 1c2:	f8 01       	movw	r30, r16
 1c4:	81 91       	ld	r24, Z+
 1c6:	8f 01       	movw	r16, r30
 1c8:	92 d0       	rcall	.+292    	; 0x2ee <blink_morse_char>
 1ca:	ec cf       	rjmp	.-40     	; 0x1a4 <blink_morse_str+0x1a>
 1cc:	df 91       	pop	r29
 1ce:	cf 91       	pop	r28
 1d0:	1f 91       	pop	r17
 1d2:	0f 91       	pop	r16
 1d4:	ff 90       	pop	r15
 1d6:	ef 90       	pop	r14
 1d8:	df 90       	pop	r13
 1da:	cf 90       	pop	r12
 1dc:	08 95       	ret

000001de <main>:
 1de:	3f 9a       	sbi	0x07, 7	; 7
 1e0:	64 e6       	ldi	r22, 0x64	; 100
 1e2:	70 e0       	ldi	r23, 0x00	; 0
 1e4:	80 e0       	ldi	r24, 0x00	; 0
 1e6:	91 e0       	ldi	r25, 0x01	; 1
 1e8:	d0 df       	rcall	.-96     	; 0x18a <blink_morse_str>
 1ea:	fa cf       	rjmp	.-12     	; 0x1e0 <main+0x2>

000001ec <led_on_block>:
 1ec:	0f 93       	push	r16
 1ee:	1f 93       	push	r17
 1f0:	47 9a       	sbi	0x08, 7	; 8
 1f2:	00 e0       	ldi	r16, 0x00	; 0
 1f4:	10 e0       	ldi	r17, 0x00	; 0
 1f6:	98 01       	movw	r18, r16
 1f8:	06 17       	cp	r16, r22
 1fa:	17 07       	cpc	r17, r23
 1fc:	28 07       	cpc	r18, r24
 1fe:	39 07       	cpc	r19, r25
 200:	59 f0       	breq	.+22     	; 0x218 <led_on_block+0x2c>
 202:	ef e9       	ldi	r30, 0x9F	; 159
 204:	ff e0       	ldi	r31, 0x0F	; 15
 206:	31 97       	sbiw	r30, 0x01	; 1
 208:	f1 f7       	brne	.-4      	; 0x206 <led_on_block+0x1a>
 20a:	00 c0       	rjmp	.+0      	; 0x20c <led_on_block+0x20>
 20c:	00 00       	nop
 20e:	0f 5f       	subi	r16, 0xFF	; 255
 210:	1f 4f       	sbci	r17, 0xFF	; 255
 212:	2f 4f       	sbci	r18, 0xFF	; 255
 214:	3f 4f       	sbci	r19, 0xFF	; 255
 216:	f0 cf       	rjmp	.-32     	; 0x1f8 <led_on_block+0xc>
 218:	1f 91       	pop	r17
 21a:	0f 91       	pop	r16
 21c:	08 95       	ret

0000021e <led_off_block>:
 21e:	0f 93       	push	r16
 220:	1f 93       	push	r17
 222:	47 98       	cbi	0x08, 7	; 8
 224:	00 e0       	ldi	r16, 0x00	; 0
 226:	10 e0       	ldi	r17, 0x00	; 0
 228:	98 01       	movw	r18, r16
 22a:	06 17       	cp	r16, r22
 22c:	17 07       	cpc	r17, r23
 22e:	28 07       	cpc	r18, r24
 230:	39 07       	cpc	r19, r25
 232:	59 f0       	breq	.+22     	; 0x24a <led_off_block+0x2c>
 234:	ef e9       	ldi	r30, 0x9F	; 159
 236:	ff e0       	ldi	r31, 0x0F	; 15
 238:	31 97       	sbiw	r30, 0x01	; 1
 23a:	f1 f7       	brne	.-4      	; 0x238 <led_off_block+0x1a>
 23c:	00 c0       	rjmp	.+0      	; 0x23e <led_off_block+0x20>
 23e:	00 00       	nop
 240:	0f 5f       	subi	r16, 0xFF	; 255
 242:	1f 4f       	sbci	r17, 0xFF	; 255
 244:	2f 4f       	sbci	r18, 0xFF	; 255
 246:	3f 4f       	sbci	r19, 0xFF	; 255
 248:	f0 cf       	rjmp	.-32     	; 0x22a <led_off_block+0xc>
 24a:	1f 91       	pop	r17
 24c:	0f 91       	pop	r16
 24e:	08 95       	ret

00000250 <morse_dot>:
 250:	cf 92       	push	r12
 252:	df 92       	push	r13
 254:	ef 92       	push	r14
 256:	ff 92       	push	r15
 258:	6b 01       	movw	r12, r22
 25a:	7c 01       	movw	r14, r24
 25c:	c7 df       	rcall	.-114    	; 0x1ec <led_on_block>
 25e:	c7 01       	movw	r24, r14
 260:	b6 01       	movw	r22, r12
 262:	ff 90       	pop	r15
 264:	ef 90       	pop	r14
 266:	df 90       	pop	r13
 268:	cf 90       	pop	r12
 26a:	d9 cf       	rjmp	.-78     	; 0x21e <led_off_block>

0000026c <morse_dash>:
 26c:	cf 92       	push	r12
 26e:	df 92       	push	r13
 270:	ef 92       	push	r14
 272:	ff 92       	push	r15
 274:	6b 01       	movw	r12, r22
 276:	7c 01       	movw	r14, r24
 278:	a3 e0       	ldi	r26, 0x03	; 3
 27a:	b0 e0       	ldi	r27, 0x00	; 0
 27c:	9b 01       	movw	r18, r22
 27e:	ac 01       	movw	r20, r24
 280:	14 d1       	rcall	.+552    	; 0x4aa <__muluhisi3>
 282:	b4 df       	rcall	.-152    	; 0x1ec <led_on_block>
 284:	c7 01       	movw	r24, r14
 286:	b6 01       	movw	r22, r12
 288:	ff 90       	pop	r15
 28a:	ef 90       	pop	r14
 28c:	df 90       	pop	r13
 28e:	cf 90       	pop	r12
 290:	c6 cf       	rjmp	.-116    	; 0x21e <led_off_block>

00000292 <morse_letter_end>:
 292:	66 0f       	add	r22, r22
 294:	77 1f       	adc	r23, r23
 296:	88 1f       	adc	r24, r24
 298:	99 1f       	adc	r25, r25
 29a:	c1 cf       	rjmp	.-126    	; 0x21e <led_off_block>

0000029c <dot_dash_blink>:
 29c:	cf 92       	push	r12
 29e:	df 92       	push	r13
 2a0:	ef 92       	push	r14
 2a2:	ff 92       	push	r15
 2a4:	0f 93       	push	r16
 2a6:	1f 93       	push	r17
 2a8:	cf 93       	push	r28
 2aa:	df 93       	push	r29
 2ac:	6a 01       	movw	r12, r20
 2ae:	7b 01       	movw	r14, r22
 2b0:	ec 01       	movw	r28, r24
 2b2:	8c 01       	movw	r16, r24
 2b4:	07 5f       	subi	r16, 0xF7	; 247
 2b6:	1f 4f       	sbci	r17, 0xFF	; 255
 2b8:	89 91       	ld	r24, Y+
 2ba:	88 23       	and	r24, r24
 2bc:	69 f0       	breq	.+26     	; 0x2d8 <dot_dash_blink+0x3c>
 2be:	c0 17       	cp	r28, r16
 2c0:	d1 07       	cpc	r29, r17
 2c2:	51 f0       	breq	.+20     	; 0x2d8 <dot_dash_blink+0x3c>
 2c4:	8e 32       	cpi	r24, 0x2E	; 46
 2c6:	21 f4       	brne	.+8      	; 0x2d0 <dot_dash_blink+0x34>
 2c8:	c7 01       	movw	r24, r14
 2ca:	b6 01       	movw	r22, r12
 2cc:	c1 df       	rcall	.-126    	; 0x250 <morse_dot>
 2ce:	f4 cf       	rjmp	.-24     	; 0x2b8 <dot_dash_blink+0x1c>
 2d0:	c7 01       	movw	r24, r14
 2d2:	b6 01       	movw	r22, r12
 2d4:	cb df       	rcall	.-106    	; 0x26c <morse_dash>
 2d6:	f0 cf       	rjmp	.-32     	; 0x2b8 <dot_dash_blink+0x1c>
 2d8:	c7 01       	movw	r24, r14
 2da:	b6 01       	movw	r22, r12
 2dc:	df 91       	pop	r29
 2de:	cf 91       	pop	r28
 2e0:	1f 91       	pop	r17
 2e2:	0f 91       	pop	r16
 2e4:	ff 90       	pop	r15
 2e6:	ef 90       	pop	r14
 2e8:	df 90       	pop	r13
 2ea:	cf 90       	pop	r12
 2ec:	d2 cf       	rjmp	.-92     	; 0x292 <morse_letter_end>

000002ee <blink_morse_char>:
 2ee:	cf 92       	push	r12
 2f0:	df 92       	push	r13
 2f2:	ef 92       	push	r14
 2f4:	ff 92       	push	r15
 2f6:	6a 01       	movw	r12, r20
 2f8:	7b 01       	movw	r14, r22
 2fa:	90 e0       	ldi	r25, 0x00	; 0
 2fc:	ef d0       	rcall	.+478    	; 0x4dc <tolower>
 2fe:	80 97       	sbiw	r24, 0x20	; 32
 300:	8b 35       	cpi	r24, 0x5B	; 91
 302:	91 05       	cpc	r25, r1
 304:	08 f0       	brcs	.+2      	; 0x308 <blink_morse_char+0x1a>
 306:	c1 c0       	rjmp	.+386    	; 0x48a <__LOCK_REGION_LENGTH__+0x8a>
 308:	8a 5a       	subi	r24, 0xAA	; 170
 30a:	9f 4f       	sbci	r25, 0xFF	; 255
 30c:	fc 01       	movw	r30, r24
 30e:	c7 c0       	rjmp	.+398    	; 0x49e <__tablejump2__>
 310:	b7 01       	movw	r22, r14
 312:	a6 01       	movw	r20, r12
 314:	88 e2       	ldi	r24, 0x28	; 40
 316:	91 e0       	ldi	r25, 0x01	; 1
 318:	04 c0       	rjmp	.+8      	; 0x322 <blink_morse_char+0x34>
 31a:	b7 01       	movw	r22, r14
 31c:	a6 01       	movw	r20, r12
 31e:	8a e5       	ldi	r24, 0x5A	; 90
 320:	91 e0       	ldi	r25, 0x01	; 1
 322:	ff 90       	pop	r15
 324:	ef 90       	pop	r14
 326:	df 90       	pop	r13
 328:	cf 90       	pop	r12
 32a:	b8 cf       	rjmp	.-144    	; 0x29c <dot_dash_blink>
 32c:	b7 01       	movw	r22, r14
 32e:	a6 01       	movw	r20, r12
 330:	8d e0       	ldi	r24, 0x0D	; 13
 332:	91 e0       	ldi	r25, 0x01	; 1
 334:	f6 cf       	rjmp	.-20     	; 0x322 <blink_morse_char+0x34>
 336:	b7 01       	movw	r22, r14
 338:	a6 01       	movw	r20, r12
 33a:	89 e6       	ldi	r24, 0x69	; 105
 33c:	91 e0       	ldi	r25, 0x01	; 1
 33e:	f1 cf       	rjmp	.-30     	; 0x322 <blink_morse_char+0x34>
 340:	b7 01       	movw	r22, r14
 342:	a6 01       	movw	r20, r12
 344:	82 e1       	ldi	r24, 0x12	; 18
 346:	91 e0       	ldi	r25, 0x01	; 1
 348:	ec cf       	rjmp	.-40     	; 0x322 <blink_morse_char+0x34>
 34a:	b7 01       	movw	r22, r14
 34c:	a6 01       	movw	r20, r12
 34e:	84 e5       	ldi	r24, 0x54	; 84
 350:	91 e0       	ldi	r25, 0x01	; 1
 352:	e7 cf       	rjmp	.-50     	; 0x322 <blink_morse_char+0x34>
 354:	b7 01       	movw	r22, r14
 356:	a6 01       	movw	r20, r12
 358:	82 e6       	ldi	r24, 0x62	; 98
 35a:	91 e0       	ldi	r25, 0x01	; 1
 35c:	e2 cf       	rjmp	.-60     	; 0x322 <blink_morse_char+0x34>
 35e:	b7 01       	movw	r22, r14
 360:	a6 01       	movw	r20, r12
 362:	87 e1       	ldi	r24, 0x17	; 23
 364:	91 e0       	ldi	r25, 0x01	; 1
 366:	dd cf       	rjmp	.-70     	; 0x322 <blink_morse_char+0x34>
 368:	b7 01       	movw	r22, r14
 36a:	a6 01       	movw	r20, r12
 36c:	87 e2       	ldi	r24, 0x27	; 39
 36e:	91 e0       	ldi	r25, 0x01	; 1
 370:	d8 cf       	rjmp	.-80     	; 0x322 <blink_morse_char+0x34>
 372:	b7 01       	movw	r22, r14
 374:	a6 01       	movw	r20, r12
 376:	8c e1       	ldi	r24, 0x1C	; 28
 378:	91 e0       	ldi	r25, 0x01	; 1
 37a:	d3 cf       	rjmp	.-90     	; 0x322 <blink_morse_char+0x34>
 37c:	b7 01       	movw	r22, r14
 37e:	a6 01       	movw	r20, r12
 380:	8e e6       	ldi	r24, 0x6E	; 110
 382:	91 e0       	ldi	r25, 0x01	; 1
 384:	ce cf       	rjmp	.-100    	; 0x322 <blink_morse_char+0x34>
 386:	b7 01       	movw	r22, r14
 388:	a6 01       	movw	r20, r12
 38a:	88 e6       	ldi	r24, 0x68	; 104
 38c:	91 e0       	ldi	r25, 0x01	; 1
 38e:	c9 cf       	rjmp	.-110    	; 0x322 <blink_morse_char+0x34>
 390:	b7 01       	movw	r22, r14
 392:	a6 01       	movw	r20, r12
 394:	8d e6       	ldi	r24, 0x6D	; 109
 396:	91 e0       	ldi	r25, 0x01	; 1
 398:	c4 cf       	rjmp	.-120    	; 0x322 <blink_morse_char+0x34>
 39a:	b7 01       	movw	r22, r14
 39c:	a6 01       	movw	r20, r12
 39e:	81 e2       	ldi	r24, 0x21	; 33
 3a0:	91 e0       	ldi	r25, 0x01	; 1
 3a2:	bf cf       	rjmp	.-130    	; 0x322 <blink_morse_char+0x34>
 3a4:	b7 01       	movw	r22, r14
 3a6:	a6 01       	movw	r20, r12
 3a8:	86 e2       	ldi	r24, 0x26	; 38
 3aa:	91 e0       	ldi	r25, 0x01	; 1
 3ac:	ba cf       	rjmp	.-140    	; 0x322 <blink_morse_char+0x34>
 3ae:	b7 01       	movw	r22, r14
 3b0:	a6 01       	movw	r20, r12
 3b2:	8e e0       	ldi	r24, 0x0E	; 14
 3b4:	91 e0       	ldi	r25, 0x01	; 1
 3b6:	b5 cf       	rjmp	.-150    	; 0x322 <blink_morse_char+0x34>
 3b8:	b7 01       	movw	r22, r14
 3ba:	a6 01       	movw	r20, r12
 3bc:	8b e5       	ldi	r24, 0x5B	; 91
 3be:	91 e0       	ldi	r25, 0x01	; 1
 3c0:	b0 cf       	rjmp	.-160    	; 0x322 <blink_morse_char+0x34>
 3c2:	b7 01       	movw	r22, r14
 3c4:	a6 01       	movw	r20, r12
 3c6:	8f e6       	ldi	r24, 0x6F	; 111
 3c8:	91 e0       	ldi	r25, 0x01	; 1
 3ca:	ab cf       	rjmp	.-170    	; 0x322 <blink_morse_char+0x34>
 3cc:	b7 01       	movw	r22, r14
 3ce:	a6 01       	movw	r20, r12
 3d0:	81 e3       	ldi	r24, 0x31	; 49
 3d2:	91 e0       	ldi	r25, 0x01	; 1
 3d4:	a6 cf       	rjmp	.-180    	; 0x322 <blink_morse_char+0x34>
 3d6:	b7 01       	movw	r22, r14
 3d8:	a6 01       	movw	r20, r12
 3da:	8b e2       	ldi	r24, 0x2B	; 43
 3dc:	91 e0       	ldi	r25, 0x01	; 1
 3de:	a1 cf       	rjmp	.-190    	; 0x322 <blink_morse_char+0x34>
 3e0:	b7 01       	movw	r22, r14
 3e2:	a6 01       	movw	r20, r12
 3e4:	8b e7       	ldi	r24, 0x7B	; 123
 3e6:	91 e0       	ldi	r25, 0x01	; 1
 3e8:	9c cf       	rjmp	.-200    	; 0x322 <blink_morse_char+0x34>
 3ea:	b7 01       	movw	r22, r14
 3ec:	a6 01       	movw	r20, r12
 3ee:	80 e3       	ldi	r24, 0x30	; 48
 3f0:	91 e0       	ldi	r25, 0x01	; 1
 3f2:	97 cf       	rjmp	.-210    	; 0x322 <blink_morse_char+0x34>
 3f4:	b7 01       	movw	r22, r14
 3f6:	a6 01       	movw	r20, r12
 3f8:	8a e7       	ldi	r24, 0x7A	; 122
 3fa:	91 e0       	ldi	r25, 0x01	; 1
 3fc:	92 cf       	rjmp	.-220    	; 0x322 <blink_morse_char+0x34>
 3fe:	b7 01       	movw	r22, r14
 400:	a6 01       	movw	r20, r12
 402:	80 e6       	ldi	r24, 0x60	; 96
 404:	91 e0       	ldi	r25, 0x01	; 1
 406:	8d cf       	rjmp	.-230    	; 0x322 <blink_morse_char+0x34>
 408:	b7 01       	movw	r22, r14
 40a:	a6 01       	movw	r20, r12
 40c:	85 e3       	ldi	r24, 0x35	; 53
 40e:	91 e0       	ldi	r25, 0x01	; 1
 410:	88 cf       	rjmp	.-240    	; 0x322 <blink_morse_char+0x34>
 412:	b7 01       	movw	r22, r14
 414:	a6 01       	movw	r20, r12
 416:	8b e3       	ldi	r24, 0x3B	; 59
 418:	91 e0       	ldi	r25, 0x01	; 1
 41a:	83 cf       	rjmp	.-250    	; 0x322 <blink_morse_char+0x34>
 41c:	b7 01       	movw	r22, r14
 41e:	a6 01       	movw	r20, r12
 420:	81 e4       	ldi	r24, 0x41	; 65
 422:	91 e0       	ldi	r25, 0x01	; 1
 424:	7e cf       	rjmp	.-260    	; 0x322 <blink_morse_char+0x34>
 426:	b7 01       	movw	r22, r14
 428:	a6 01       	movw	r20, r12
 42a:	87 e4       	ldi	r24, 0x47	; 71
 42c:	91 e0       	ldi	r25, 0x01	; 1
 42e:	79 cf       	rjmp	.-270    	; 0x322 <blink_morse_char+0x34>
 430:	b7 01       	movw	r22, r14
 432:	a6 01       	movw	r20, r12
 434:	8d e4       	ldi	r24, 0x4D	; 77
 436:	91 e0       	ldi	r25, 0x01	; 1
 438:	74 cf       	rjmp	.-280    	; 0x322 <blink_morse_char+0x34>
 43a:	b7 01       	movw	r22, r14
 43c:	a6 01       	movw	r20, r12
 43e:	83 e5       	ldi	r24, 0x53	; 83
 440:	91 e0       	ldi	r25, 0x01	; 1
 442:	6f cf       	rjmp	.-290    	; 0x322 <blink_morse_char+0x34>
 444:	b7 01       	movw	r22, r14
 446:	a6 01       	movw	r20, r12
 448:	89 e5       	ldi	r24, 0x59	; 89
 44a:	91 e0       	ldi	r25, 0x01	; 1
 44c:	6a cf       	rjmp	.-300    	; 0x322 <blink_morse_char+0x34>
 44e:	b7 01       	movw	r22, r14
 450:	a6 01       	movw	r20, r12
 452:	8f e5       	ldi	r24, 0x5F	; 95
 454:	91 e0       	ldi	r25, 0x01	; 1
 456:	65 cf       	rjmp	.-310    	; 0x322 <blink_morse_char+0x34>
 458:	b7 01       	movw	r22, r14
 45a:	a6 01       	movw	r20, r12
 45c:	85 e6       	ldi	r24, 0x65	; 101
 45e:	91 e0       	ldi	r25, 0x01	; 1
 460:	60 cf       	rjmp	.-320    	; 0x322 <blink_morse_char+0x34>
 462:	b7 01       	movw	r22, r14
 464:	a6 01       	movw	r20, r12
 466:	8b e6       	ldi	r24, 0x6B	; 107
 468:	91 e0       	ldi	r25, 0x01	; 1
 46a:	5b cf       	rjmp	.-330    	; 0x322 <blink_morse_char+0x34>
 46c:	b7 01       	movw	r22, r14
 46e:	a6 01       	movw	r20, r12
 470:	81 e7       	ldi	r24, 0x71	; 113
 472:	91 e0       	ldi	r25, 0x01	; 1
 474:	56 cf       	rjmp	.-340    	; 0x322 <blink_morse_char+0x34>
 476:	b7 01       	movw	r22, r14
 478:	a6 01       	movw	r20, r12
 47a:	88 e7       	ldi	r24, 0x78	; 120
 47c:	91 e0       	ldi	r25, 0x01	; 1
 47e:	51 cf       	rjmp	.-350    	; 0x322 <blink_morse_char+0x34>
 480:	b7 01       	movw	r22, r14
 482:	a6 01       	movw	r20, r12
 484:	8f e7       	ldi	r24, 0x7F	; 127
 486:	91 e0       	ldi	r25, 0x01	; 1
 488:	4c cf       	rjmp	.-360    	; 0x322 <blink_morse_char+0x34>
 48a:	a7 e0       	ldi	r26, 0x07	; 7
 48c:	b0 e0       	ldi	r27, 0x00	; 0
 48e:	a7 01       	movw	r20, r14
 490:	96 01       	movw	r18, r12
 492:	0b d0       	rcall	.+22     	; 0x4aa <__muluhisi3>
 494:	ff 90       	pop	r15
 496:	ef 90       	pop	r14
 498:	df 90       	pop	r13
 49a:	cf 90       	pop	r12
 49c:	c0 ce       	rjmp	.-640    	; 0x21e <led_off_block>

0000049e <__tablejump2__>:
 49e:	ee 0f       	add	r30, r30
 4a0:	ff 1f       	adc	r31, r31
 4a2:	05 90       	lpm	r0, Z+
 4a4:	f4 91       	lpm	r31, Z
 4a6:	e0 2d       	mov	r30, r0
 4a8:	09 94       	ijmp

000004aa <__muluhisi3>:
 4aa:	09 d0       	rcall	.+18     	; 0x4be <__umulhisi3>
 4ac:	a5 9f       	mul	r26, r21
 4ae:	90 0d       	add	r25, r0
 4b0:	b4 9f       	mul	r27, r20
 4b2:	90 0d       	add	r25, r0
 4b4:	a4 9f       	mul	r26, r20
 4b6:	80 0d       	add	r24, r0
 4b8:	91 1d       	adc	r25, r1
 4ba:	11 24       	eor	r1, r1
 4bc:	08 95       	ret

000004be <__umulhisi3>:
 4be:	a2 9f       	mul	r26, r18
 4c0:	b0 01       	movw	r22, r0
 4c2:	b3 9f       	mul	r27, r19
 4c4:	c0 01       	movw	r24, r0
 4c6:	a3 9f       	mul	r26, r19
 4c8:	70 0d       	add	r23, r0
 4ca:	81 1d       	adc	r24, r1
 4cc:	11 24       	eor	r1, r1
 4ce:	91 1d       	adc	r25, r1
 4d0:	b2 9f       	mul	r27, r18
 4d2:	70 0d       	add	r23, r0
 4d4:	81 1d       	adc	r24, r1
 4d6:	11 24       	eor	r1, r1
 4d8:	91 1d       	adc	r25, r1
 4da:	08 95       	ret

000004dc <tolower>:
 4dc:	91 11       	cpse	r25, r1
 4de:	08 95       	ret
 4e0:	81 54       	subi	r24, 0x41	; 65
 4e2:	8a 51       	subi	r24, 0x1A	; 26
 4e4:	08 f4       	brcc	.+2      	; 0x4e8 <tolower+0xc>
 4e6:	80 5e       	subi	r24, 0xE0	; 224
 4e8:	85 5a       	subi	r24, 0xA5	; 165
 4ea:	08 95       	ret

000004ec <_exit>:
 4ec:	f8 94       	cli

000004ee <__stop_program>:
 4ee:	ff cf       	rjmp	.-2      	; 0x4ee <__stop_program>
