
Lab2-atmega32u4.elf:     file format elf32-avr


Disassembly of section .text:

00000000 <__vectors>:
   0:	c0 c0       	rjmp	.+384    	; 0x182 <__ctors_end>
   2:	00 00       	nop
   4:	d9 c0       	rjmp	.+434    	; 0x1b8 <__bad_interrupt>
   6:	00 00       	nop
   8:	d7 c0       	rjmp	.+430    	; 0x1b8 <__bad_interrupt>
   a:	00 00       	nop
   c:	d5 c0       	rjmp	.+426    	; 0x1b8 <__bad_interrupt>
   e:	00 00       	nop
  10:	d3 c0       	rjmp	.+422    	; 0x1b8 <__bad_interrupt>
  12:	00 00       	nop
  14:	d1 c0       	rjmp	.+418    	; 0x1b8 <__bad_interrupt>
  16:	00 00       	nop
  18:	cf c0       	rjmp	.+414    	; 0x1b8 <__bad_interrupt>
  1a:	00 00       	nop
  1c:	cd c0       	rjmp	.+410    	; 0x1b8 <__bad_interrupt>
  1e:	00 00       	nop
  20:	cb c0       	rjmp	.+406    	; 0x1b8 <__bad_interrupt>
  22:	00 00       	nop
  24:	c9 c0       	rjmp	.+402    	; 0x1b8 <__bad_interrupt>
  26:	00 00       	nop
  28:	ca c5       	rjmp	.+2964   	; 0xbbe <__vector_10>
  2a:	00 00       	nop
  2c:	93 c6       	rjmp	.+3366   	; 0xd54 <__vector_11>
  2e:	00 00       	nop
  30:	c3 c0       	rjmp	.+390    	; 0x1b8 <__bad_interrupt>
  32:	00 00       	nop
  34:	c1 c0       	rjmp	.+386    	; 0x1b8 <__bad_interrupt>
  36:	00 00       	nop
  38:	bf c0       	rjmp	.+382    	; 0x1b8 <__bad_interrupt>
  3a:	00 00       	nop
  3c:	bd c0       	rjmp	.+378    	; 0x1b8 <__bad_interrupt>
  3e:	00 00       	nop
  40:	bb c0       	rjmp	.+374    	; 0x1b8 <__bad_interrupt>
  42:	00 00       	nop
  44:	b9 c0       	rjmp	.+370    	; 0x1b8 <__bad_interrupt>
  46:	00 00       	nop
  48:	b7 c0       	rjmp	.+366    	; 0x1b8 <__bad_interrupt>
  4a:	00 00       	nop
  4c:	b5 c0       	rjmp	.+362    	; 0x1b8 <__bad_interrupt>
  4e:	00 00       	nop
  50:	b3 c0       	rjmp	.+358    	; 0x1b8 <__bad_interrupt>
  52:	00 00       	nop
  54:	b1 c0       	rjmp	.+354    	; 0x1b8 <__bad_interrupt>
  56:	00 00       	nop
  58:	af c0       	rjmp	.+350    	; 0x1b8 <__bad_interrupt>
  5a:	00 00       	nop
  5c:	ad c0       	rjmp	.+346    	; 0x1b8 <__bad_interrupt>
  5e:	00 00       	nop
  60:	ab c0       	rjmp	.+342    	; 0x1b8 <__bad_interrupt>
  62:	00 00       	nop
  64:	a9 c0       	rjmp	.+338    	; 0x1b8 <__bad_interrupt>
  66:	00 00       	nop
  68:	a7 c0       	rjmp	.+334    	; 0x1b8 <__bad_interrupt>
  6a:	00 00       	nop
  6c:	a5 c0       	rjmp	.+330    	; 0x1b8 <__bad_interrupt>
  6e:	00 00       	nop
  70:	a3 c0       	rjmp	.+326    	; 0x1b8 <__bad_interrupt>
  72:	00 00       	nop
  74:	a1 c0       	rjmp	.+322    	; 0x1b8 <__bad_interrupt>
  76:	00 00       	nop
  78:	9f c0       	rjmp	.+318    	; 0x1b8 <__bad_interrupt>
  7a:	00 00       	nop
  7c:	9d c0       	rjmp	.+314    	; 0x1b8 <__bad_interrupt>
  7e:	00 00       	nop
  80:	9b c0       	rjmp	.+310    	; 0x1b8 <__bad_interrupt>
  82:	00 00       	nop
  84:	99 c0       	rjmp	.+306    	; 0x1b8 <__bad_interrupt>
  86:	00 00       	nop
  88:	97 c0       	rjmp	.+302    	; 0x1b8 <__bad_interrupt>
  8a:	00 00       	nop
  8c:	95 c0       	rjmp	.+298    	; 0x1b8 <__bad_interrupt>
  8e:	00 00       	nop
  90:	93 c0       	rjmp	.+294    	; 0x1b8 <__bad_interrupt>
  92:	00 00       	nop
  94:	91 c0       	rjmp	.+290    	; 0x1b8 <__bad_interrupt>
  96:	00 00       	nop
  98:	8f c0       	rjmp	.+286    	; 0x1b8 <__bad_interrupt>
  9a:	00 00       	nop
  9c:	8d c0       	rjmp	.+282    	; 0x1b8 <__bad_interrupt>
  9e:	00 00       	nop
  a0:	8b c0       	rjmp	.+278    	; 0x1b8 <__bad_interrupt>
  a2:	00 00       	nop
  a4:	89 c0       	rjmp	.+274    	; 0x1b8 <__bad_interrupt>
  a6:	00 00       	nop
  a8:	87 c0       	rjmp	.+270    	; 0x1b8 <__bad_interrupt>
  aa:	00 00       	nop
  ac:	24 01       	movw	r4, r8
  ae:	4b 01       	movw	r8, r22
  b0:	3c 02       	muls	r19, r28
  b2:	4b 01       	movw	r8, r22
  b4:	3c 02       	muls	r19, r28
  b6:	96 01       	movw	r18, r12
  b8:	b8 01       	movw	r22, r16
  ba:	3c 02       	muls	r19, r28
  bc:	0c 02       	muls	r16, r28
  be:	1b 02       	muls	r17, r27

000000c0 <ProductString>:
  c0:	38 03 4d 00 45 00 47 00 4e 00 35 00 34 00 30 00     8.M.E.G.N.5.4.0.
  d0:	20 00 4c 00 61 00 62 00 20 00 50 00 6f 00 6c 00      .L.a.b. .P.o.l.
  e0:	6f 00 6c 00 75 00 20 00 5a 00 75 00 6d 00 6f 00     o.l.u. .Z.u.m.o.
  f0:	20 00 43 00 61 00 72 00 00 00                        .C.a.r...

000000fa <ManufacturerString>:
  fa:	32 03 43 00 6f 00 6c 00 6f 00 72 00 61 00 64 00     2.C.o.l.o.r.a.d.
 10a:	6f 00 20 00 53 00 63 00 68 00 6f 00 6f 00 6c 00     o. .S.c.h.o.o.l.
 11a:	20 00 6f 00 66 00 20 00 4d 00 69 00 6e 00 65 00      .o.f. .M.i.n.e.
 12a:	73 00 00 00                                         s...

0000012e <LanguageString>:
 12e:	04 03 09 04                                         ....

00000132 <ConfigurationDescriptor>:
 132:	09 02 3e 00 02 01 00 80 32 09 04 00 00 01 02 02     ..>.....2.......
 142:	01 00 05 24 00 10 01 04 24 02 06 05 24 06 00 01     ...$....$...$...
 152:	07 05 83 03 08 00 ff 09 04 01 00 02 0a 00 00 00     ................
 162:	07 05 02 02 10 00 05 07 05 81 02 10 00 05           ..............

00000170 <DeviceDescriptor>:
 170:	12 01 10 01 02 00 00 08 fb 1f 00 23 01 00 01 02     ...........#....
 180:	dc 01                                               ..

00000182 <__ctors_end>:
 182:	11 24       	eor	r1, r1
 184:	1f be       	out	0x3f, r1	; 63
 186:	cf ef       	ldi	r28, 0xFF	; 255
 188:	da e0       	ldi	r29, 0x0A	; 10
 18a:	de bf       	out	0x3e, r29	; 62
 18c:	cd bf       	out	0x3d, r28	; 61

0000018e <__do_copy_data>:
 18e:	11 e0       	ldi	r17, 0x01	; 1
 190:	a0 e0       	ldi	r26, 0x00	; 0
 192:	b1 e0       	ldi	r27, 0x01	; 1
 194:	ea ee       	ldi	r30, 0xEA	; 234
 196:	fd e0       	ldi	r31, 0x0D	; 13
 198:	02 c0       	rjmp	.+4      	; 0x19e <__do_copy_data+0x10>
 19a:	05 90       	lpm	r0, Z+
 19c:	0d 92       	st	X+, r0
 19e:	a8 30       	cpi	r26, 0x08	; 8
 1a0:	b1 07       	cpc	r27, r17
 1a2:	d9 f7       	brne	.-10     	; 0x19a <__do_copy_data+0xc>

000001a4 <__do_clear_bss>:
 1a4:	21 e0       	ldi	r18, 0x01	; 1
 1a6:	a8 e0       	ldi	r26, 0x08	; 8
 1a8:	b1 e0       	ldi	r27, 0x01	; 1
 1aa:	01 c0       	rjmp	.+2      	; 0x1ae <.do_clear_bss_start>

000001ac <.do_clear_bss_loop>:
 1ac:	1d 92       	st	X+, r1

000001ae <.do_clear_bss_start>:
 1ae:	a1 34       	cpi	r26, 0x41	; 65
 1b0:	b2 07       	cpc	r27, r18
 1b2:	e1 f7       	brne	.-8      	; 0x1ac <.do_clear_bss_loop>
 1b4:	02 d0       	rcall	.+4      	; 0x1ba <main>
 1b6:	17 c6       	rjmp	.+3118   	; 0xde6 <_exit>

000001b8 <__bad_interrupt>:
 1b8:	23 cf       	rjmp	.-442    	; 0x0 <__vectors>

000001ba <main>:
 1ba:	8f d4       	rcall	.+2334   	; 0xada <SetupTimer0>
 1bc:	be d3       	rcall	.+1916   	; 0x93a <USB_SetupHardware>
 1be:	78 94       	sei
 1c0:	2b d4       	rcall	.+2134   	; 0xa18 <USB_Echo_Task>
 1c2:	01 d0       	rcall	.+2      	; 0x1c6 <USB_USBTask>
 1c4:	fd cf       	rjmp	.-6      	; 0x1c0 <main+0x6>

000001c6 <USB_USBTask>:
 1c6:	cf 93       	push	r28
 1c8:	80 91 35 01 	lds	r24, 0x0135	; 0x800135 <USB_DeviceState>
 1cc:	88 23       	and	r24, r24
 1ce:	99 f0       	breq	.+38     	; 0x1f6 <USB_USBTask+0x30>
 1d0:	c0 91 e9 00 	lds	r28, 0x00E9	; 0x8000e9 <__TEXT_REGION_LENGTH__+0x7e00e9>
 1d4:	cf 70       	andi	r28, 0x0F	; 15
 1d6:	90 91 ec 00 	lds	r25, 0x00EC	; 0x8000ec <__TEXT_REGION_LENGTH__+0x7e00ec>
 1da:	89 2f       	mov	r24, r25
 1dc:	81 70       	andi	r24, 0x01	; 1
 1de:	90 fd       	sbrc	r25, 0
 1e0:	80 e8       	ldi	r24, 0x80	; 128
 1e2:	c8 2b       	or	r28, r24
 1e4:	10 92 e9 00 	sts	0x00E9, r1	; 0x8000e9 <__TEXT_REGION_LENGTH__+0x7e00e9>
 1e8:	80 91 e8 00 	lds	r24, 0x00E8	; 0x8000e8 <__TEXT_REGION_LENGTH__+0x7e00e8>
 1ec:	83 fd       	sbrc	r24, 3
 1ee:	05 d0       	rcall	.+10     	; 0x1fa <USB_Device_ProcessControlRequest>
 1f0:	cf 70       	andi	r28, 0x0F	; 15
 1f2:	c0 93 e9 00 	sts	0x00E9, r28	; 0x8000e9 <__TEXT_REGION_LENGTH__+0x7e00e9>
 1f6:	cf 91       	pop	r28
 1f8:	08 95       	ret

000001fa <USB_Device_ProcessControlRequest>:
 1fa:	1f 93       	push	r17
 1fc:	cf 93       	push	r28
 1fe:	df 93       	push	r29
 200:	cd b7       	in	r28, 0x3d	; 61
 202:	de b7       	in	r29, 0x3e	; 62
 204:	aa 97       	sbiw	r28, 0x2a	; 42
 206:	0f b6       	in	r0, 0x3f	; 63
 208:	f8 94       	cli
 20a:	de bf       	out	0x3e, r29	; 62
 20c:	0f be       	out	0x3f, r0	; 63
 20e:	cd bf       	out	0x3d, r28	; 61
 210:	e6 e3       	ldi	r30, 0x36	; 54
 212:	f1 e0       	ldi	r31, 0x01	; 1
 214:	80 91 f1 00 	lds	r24, 0x00F1	; 0x8000f1 <__TEXT_REGION_LENGTH__+0x7e00f1>
 218:	81 93       	st	Z+, r24
 21a:	21 e0       	ldi	r18, 0x01	; 1
 21c:	ee 33       	cpi	r30, 0x3E	; 62
 21e:	f2 07       	cpc	r31, r18
 220:	c9 f7       	brne	.-14     	; 0x214 <USB_Device_ProcessControlRequest+0x1a>
 222:	c0 d3       	rcall	.+1920   	; 0x9a4 <EVENT_USB_Device_ControlRequest>
 224:	80 91 e8 00 	lds	r24, 0x00E8	; 0x8000e8 <__TEXT_REGION_LENGTH__+0x7e00e8>
 228:	83 ff       	sbrs	r24, 3
 22a:	26 c1       	rjmp	.+588    	; 0x478 <__LOCK_REGION_LENGTH__+0x78>
 22c:	80 91 36 01 	lds	r24, 0x0136	; 0x800136 <USB_ControlRequest>
 230:	90 91 37 01 	lds	r25, 0x0137	; 0x800137 <USB_ControlRequest+0x1>
 234:	49 2f       	mov	r20, r25
 236:	50 e0       	ldi	r21, 0x00	; 0
 238:	4a 30       	cpi	r20, 0x0A	; 10
 23a:	51 05       	cpc	r21, r1
 23c:	08 f0       	brcs	.+2      	; 0x240 <USB_Device_ProcessControlRequest+0x46>
 23e:	1c c1       	rjmp	.+568    	; 0x478 <__LOCK_REGION_LENGTH__+0x78>
 240:	fa 01       	movw	r30, r20
 242:	ea 5a       	subi	r30, 0xAA	; 170
 244:	ff 4f       	sbci	r31, 0xFF	; 255
 246:	c9 c5       	rjmp	.+2962   	; 0xdda <__tablejump2__>
 248:	80 38       	cpi	r24, 0x80	; 128
 24a:	21 f0       	breq	.+8      	; 0x254 <USB_Device_ProcessControlRequest+0x5a>
 24c:	82 38       	cpi	r24, 0x82	; 130
 24e:	09 f0       	breq	.+2      	; 0x252 <USB_Device_ProcessControlRequest+0x58>
 250:	13 c1       	rjmp	.+550    	; 0x478 <__LOCK_REGION_LENGTH__+0x78>
 252:	08 c0       	rjmp	.+16     	; 0x264 <USB_Device_ProcessControlRequest+0x6a>
 254:	80 91 3f 01 	lds	r24, 0x013F	; 0x80013f <USB_Device_CurrentlySelfPowered>
 258:	90 91 40 01 	lds	r25, 0x0140	; 0x800140 <USB_Device_RemoteWakeupEnabled>
 25c:	99 23       	and	r25, r25
 25e:	89 f0       	breq	.+34     	; 0x282 <USB_Device_ProcessControlRequest+0x88>
 260:	82 60       	ori	r24, 0x02	; 2
 262:	0f c0       	rjmp	.+30     	; 0x282 <USB_Device_ProcessControlRequest+0x88>
 264:	80 91 3a 01 	lds	r24, 0x013A	; 0x80013a <USB_ControlRequest+0x4>
 268:	8f 70       	andi	r24, 0x0F	; 15
 26a:	87 30       	cpi	r24, 0x07	; 7
 26c:	08 f0       	brcs	.+2      	; 0x270 <USB_Device_ProcessControlRequest+0x76>
 26e:	04 c1       	rjmp	.+520    	; 0x478 <__LOCK_REGION_LENGTH__+0x78>
 270:	80 93 e9 00 	sts	0x00E9, r24	; 0x8000e9 <__TEXT_REGION_LENGTH__+0x7e00e9>
 274:	80 91 eb 00 	lds	r24, 0x00EB	; 0x8000eb <__TEXT_REGION_LENGTH__+0x7e00eb>
 278:	85 fb       	bst	r24, 5
 27a:	88 27       	eor	r24, r24
 27c:	80 f9       	bld	r24, 0
 27e:	10 92 e9 00 	sts	0x00E9, r1	; 0x8000e9 <__TEXT_REGION_LENGTH__+0x7e00e9>
 282:	90 91 e8 00 	lds	r25, 0x00E8	; 0x8000e8 <__TEXT_REGION_LENGTH__+0x7e00e8>
 286:	97 7f       	andi	r25, 0xF7	; 247
 288:	90 93 e8 00 	sts	0x00E8, r25	; 0x8000e8 <__TEXT_REGION_LENGTH__+0x7e00e8>
 28c:	80 93 f1 00 	sts	0x00F1, r24	; 0x8000f1 <__TEXT_REGION_LENGTH__+0x7e00f1>
 290:	10 92 f1 00 	sts	0x00F1, r1	; 0x8000f1 <__TEXT_REGION_LENGTH__+0x7e00f1>
 294:	cc c0       	rjmp	.+408    	; 0x42e <__LOCK_REGION_LENGTH__+0x2e>
 296:	28 2f       	mov	r18, r24
 298:	2d 7f       	andi	r18, 0xFD	; 253
 29a:	09 f0       	breq	.+2      	; 0x29e <USB_Device_ProcessControlRequest+0xa4>
 29c:	ed c0       	rjmp	.+474    	; 0x478 <__LOCK_REGION_LENGTH__+0x78>
 29e:	88 23       	and	r24, r24
 2a0:	19 f0       	breq	.+6      	; 0x2a8 <USB_Device_ProcessControlRequest+0xae>
 2a2:	82 30       	cpi	r24, 0x02	; 2
 2a4:	61 f0       	breq	.+24     	; 0x2be <USB_Device_ProcessControlRequest+0xc4>
 2a6:	e8 c0       	rjmp	.+464    	; 0x478 <__LOCK_REGION_LENGTH__+0x78>
 2a8:	80 91 38 01 	lds	r24, 0x0138	; 0x800138 <USB_ControlRequest+0x2>
 2ac:	81 30       	cpi	r24, 0x01	; 1
 2ae:	09 f0       	breq	.+2      	; 0x2b2 <USB_Device_ProcessControlRequest+0xb8>
 2b0:	e3 c0       	rjmp	.+454    	; 0x478 <__LOCK_REGION_LENGTH__+0x78>
 2b2:	93 30       	cpi	r25, 0x03	; 3
 2b4:	09 f0       	breq	.+2      	; 0x2b8 <USB_Device_ProcessControlRequest+0xbe>
 2b6:	80 e0       	ldi	r24, 0x00	; 0
 2b8:	80 93 40 01 	sts	0x0140, r24	; 0x800140 <USB_Device_RemoteWakeupEnabled>
 2bc:	2e c0       	rjmp	.+92     	; 0x31a <USB_Device_ProcessControlRequest+0x120>
 2be:	80 91 38 01 	lds	r24, 0x0138	; 0x800138 <USB_ControlRequest+0x2>
 2c2:	81 11       	cpse	r24, r1
 2c4:	2a c0       	rjmp	.+84     	; 0x31a <USB_Device_ProcessControlRequest+0x120>
 2c6:	80 91 3a 01 	lds	r24, 0x013A	; 0x80013a <USB_ControlRequest+0x4>
 2ca:	8f 70       	andi	r24, 0x0F	; 15
 2cc:	2f ef       	ldi	r18, 0xFF	; 255
 2ce:	28 0f       	add	r18, r24
 2d0:	26 30       	cpi	r18, 0x06	; 6
 2d2:	08 f0       	brcs	.+2      	; 0x2d6 <USB_Device_ProcessControlRequest+0xdc>
 2d4:	d1 c0       	rjmp	.+418    	; 0x478 <__LOCK_REGION_LENGTH__+0x78>
 2d6:	80 93 e9 00 	sts	0x00E9, r24	; 0x8000e9 <__TEXT_REGION_LENGTH__+0x7e00e9>
 2da:	20 91 eb 00 	lds	r18, 0x00EB	; 0x8000eb <__TEXT_REGION_LENGTH__+0x7e00eb>
 2de:	20 ff       	sbrs	r18, 0
 2e0:	1c c0       	rjmp	.+56     	; 0x31a <USB_Device_ProcessControlRequest+0x120>
 2e2:	93 30       	cpi	r25, 0x03	; 3
 2e4:	21 f4       	brne	.+8      	; 0x2ee <USB_Device_ProcessControlRequest+0xf4>
 2e6:	80 91 eb 00 	lds	r24, 0x00EB	; 0x8000eb <__TEXT_REGION_LENGTH__+0x7e00eb>
 2ea:	80 62       	ori	r24, 0x20	; 32
 2ec:	14 c0       	rjmp	.+40     	; 0x316 <USB_Device_ProcessControlRequest+0x11c>
 2ee:	90 91 eb 00 	lds	r25, 0x00EB	; 0x8000eb <__TEXT_REGION_LENGTH__+0x7e00eb>
 2f2:	90 61       	ori	r25, 0x10	; 16
 2f4:	90 93 eb 00 	sts	0x00EB, r25	; 0x8000eb <__TEXT_REGION_LENGTH__+0x7e00eb>
 2f8:	21 e0       	ldi	r18, 0x01	; 1
 2fa:	30 e0       	ldi	r19, 0x00	; 0
 2fc:	a9 01       	movw	r20, r18
 2fe:	02 c0       	rjmp	.+4      	; 0x304 <USB_Device_ProcessControlRequest+0x10a>
 300:	44 0f       	add	r20, r20
 302:	55 1f       	adc	r21, r21
 304:	8a 95       	dec	r24
 306:	e2 f7       	brpl	.-8      	; 0x300 <USB_Device_ProcessControlRequest+0x106>
 308:	40 93 ea 00 	sts	0x00EA, r20	; 0x8000ea <__TEXT_REGION_LENGTH__+0x7e00ea>
 30c:	10 92 ea 00 	sts	0x00EA, r1	; 0x8000ea <__TEXT_REGION_LENGTH__+0x7e00ea>
 310:	80 91 eb 00 	lds	r24, 0x00EB	; 0x8000eb <__TEXT_REGION_LENGTH__+0x7e00eb>
 314:	88 60       	ori	r24, 0x08	; 8
 316:	80 93 eb 00 	sts	0x00EB, r24	; 0x8000eb <__TEXT_REGION_LENGTH__+0x7e00eb>
 31a:	10 92 e9 00 	sts	0x00E9, r1	; 0x8000e9 <__TEXT_REGION_LENGTH__+0x7e00e9>
 31e:	80 91 e8 00 	lds	r24, 0x00E8	; 0x8000e8 <__TEXT_REGION_LENGTH__+0x7e00e8>
 322:	87 7f       	andi	r24, 0xF7	; 247
 324:	80 93 e8 00 	sts	0x00E8, r24	; 0x8000e8 <__TEXT_REGION_LENGTH__+0x7e00e8>
 328:	25 d1       	rcall	.+586    	; 0x574 <Endpoint_ClearStatusStage>
 32a:	a6 c0       	rjmp	.+332    	; 0x478 <__LOCK_REGION_LENGTH__+0x78>
 32c:	81 11       	cpse	r24, r1
 32e:	a4 c0       	rjmp	.+328    	; 0x478 <__LOCK_REGION_LENGTH__+0x78>
 330:	10 91 38 01 	lds	r17, 0x0138	; 0x800138 <USB_ControlRequest+0x2>
 334:	1f 77       	andi	r17, 0x7F	; 127
 336:	80 91 e3 00 	lds	r24, 0x00E3	; 0x8000e3 <__TEXT_REGION_LENGTH__+0x7e00e3>
 33a:	80 78       	andi	r24, 0x80	; 128
 33c:	81 2b       	or	r24, r17
 33e:	80 93 e3 00 	sts	0x00E3, r24	; 0x8000e3 <__TEXT_REGION_LENGTH__+0x7e00e3>
 342:	80 91 e8 00 	lds	r24, 0x00E8	; 0x8000e8 <__TEXT_REGION_LENGTH__+0x7e00e8>
 346:	87 7f       	andi	r24, 0xF7	; 247
 348:	80 93 e8 00 	sts	0x00E8, r24	; 0x8000e8 <__TEXT_REGION_LENGTH__+0x7e00e8>
 34c:	13 d1       	rcall	.+550    	; 0x574 <Endpoint_ClearStatusStage>
 34e:	80 91 e8 00 	lds	r24, 0x00E8	; 0x8000e8 <__TEXT_REGION_LENGTH__+0x7e00e8>
 352:	80 ff       	sbrs	r24, 0
 354:	fc cf       	rjmp	.-8      	; 0x34e <USB_Device_ProcessControlRequest+0x154>
 356:	80 91 e3 00 	lds	r24, 0x00E3	; 0x8000e3 <__TEXT_REGION_LENGTH__+0x7e00e3>
 35a:	80 68       	ori	r24, 0x80	; 128
 35c:	80 93 e3 00 	sts	0x00E3, r24	; 0x8000e3 <__TEXT_REGION_LENGTH__+0x7e00e3>
 360:	11 11       	cpse	r17, r1
 362:	02 c0       	rjmp	.+4      	; 0x368 <USB_Device_ProcessControlRequest+0x16e>
 364:	82 e0       	ldi	r24, 0x02	; 2
 366:	01 c0       	rjmp	.+2      	; 0x36a <USB_Device_ProcessControlRequest+0x170>
 368:	83 e0       	ldi	r24, 0x03	; 3
 36a:	80 93 35 01 	sts	0x0135, r24	; 0x800135 <USB_DeviceState>
 36e:	84 c0       	rjmp	.+264    	; 0x478 <__LOCK_REGION_LENGTH__+0x78>
 370:	80 58       	subi	r24, 0x80	; 128
 372:	82 30       	cpi	r24, 0x02	; 2
 374:	08 f0       	brcs	.+2      	; 0x378 <USB_Device_ProcessControlRequest+0x17e>
 376:	80 c0       	rjmp	.+256    	; 0x478 <__LOCK_REGION_LENGTH__+0x78>
 378:	80 91 38 01 	lds	r24, 0x0138	; 0x800138 <USB_ControlRequest+0x2>
 37c:	90 91 39 01 	lds	r25, 0x0139	; 0x800139 <USB_ControlRequest+0x3>
 380:	8c 3d       	cpi	r24, 0xDC	; 220
 382:	53 e0       	ldi	r21, 0x03	; 3
 384:	95 07       	cpc	r25, r21
 386:	71 f5       	brne	.+92     	; 0x3e4 <USB_Device_ProcessControlRequest+0x1ea>
 388:	83 e0       	ldi	r24, 0x03	; 3
 38a:	8a 83       	std	Y+2, r24	; 0x02
 38c:	8a e2       	ldi	r24, 0x2A	; 42
 38e:	89 83       	std	Y+1, r24	; 0x01
 390:	4f b7       	in	r20, 0x3f	; 63
 392:	f8 94       	cli
 394:	de 01       	movw	r26, r28
 396:	13 96       	adiw	r26, 0x03	; 3
 398:	20 e0       	ldi	r18, 0x00	; 0
 39a:	3e e0       	ldi	r19, 0x0E	; 14
 39c:	51 e2       	ldi	r21, 0x21	; 33
 39e:	e3 2f       	mov	r30, r19
 3a0:	f0 e0       	ldi	r31, 0x00	; 0
 3a2:	50 93 57 00 	sts	0x0057, r21	; 0x800057 <__TEXT_REGION_LENGTH__+0x7e0057>
 3a6:	e4 91       	lpm	r30, Z
 3a8:	20 ff       	sbrs	r18, 0
 3aa:	03 c0       	rjmp	.+6      	; 0x3b2 <USB_Device_ProcessControlRequest+0x1b8>
 3ac:	e2 95       	swap	r30
 3ae:	ef 70       	andi	r30, 0x0F	; 15
 3b0:	3f 5f       	subi	r19, 0xFF	; 255
 3b2:	ef 70       	andi	r30, 0x0F	; 15
 3b4:	8e 2f       	mov	r24, r30
 3b6:	90 e0       	ldi	r25, 0x00	; 0
 3b8:	ea 30       	cpi	r30, 0x0A	; 10
 3ba:	10 f0       	brcs	.+4      	; 0x3c0 <USB_Device_ProcessControlRequest+0x1c6>
 3bc:	c7 96       	adiw	r24, 0x37	; 55
 3be:	01 c0       	rjmp	.+2      	; 0x3c2 <USB_Device_ProcessControlRequest+0x1c8>
 3c0:	c0 96       	adiw	r24, 0x30	; 48
 3c2:	8d 93       	st	X+, r24
 3c4:	9d 93       	st	X+, r25
 3c6:	2f 5f       	subi	r18, 0xFF	; 255
 3c8:	24 31       	cpi	r18, 0x14	; 20
 3ca:	49 f7       	brne	.-46     	; 0x39e <USB_Device_ProcessControlRequest+0x1a4>
 3cc:	4f bf       	out	0x3f, r20	; 63
 3ce:	80 91 e8 00 	lds	r24, 0x00E8	; 0x8000e8 <__TEXT_REGION_LENGTH__+0x7e00e8>
 3d2:	87 7f       	andi	r24, 0xF7	; 247
 3d4:	80 93 e8 00 	sts	0x00E8, r24	; 0x8000e8 <__TEXT_REGION_LENGTH__+0x7e00e8>
 3d8:	6a e2       	ldi	r22, 0x2A	; 42
 3da:	70 e0       	ldi	r23, 0x00	; 0
 3dc:	ce 01       	movw	r24, r28
 3de:	01 96       	adiw	r24, 0x01	; 1
 3e0:	ad d1       	rcall	.+858    	; 0x73c <Endpoint_Write_Control_Stream_LE>
 3e2:	14 c0       	rjmp	.+40     	; 0x40c <__LOCK_REGION_LENGTH__+0xc>
 3e4:	60 91 3a 01 	lds	r22, 0x013A	; 0x80013a <USB_ControlRequest+0x4>
 3e8:	70 91 3b 01 	lds	r23, 0x013B	; 0x80013b <USB_ControlRequest+0x5>
 3ec:	ae 01       	movw	r20, r28
 3ee:	4f 5f       	subi	r20, 0xFF	; 255
 3f0:	5f 4f       	sbci	r21, 0xFF	; 255
 3f2:	5a d0       	rcall	.+180    	; 0x4a8 <CALLBACK_USB_GetDescriptor>
 3f4:	bc 01       	movw	r22, r24
 3f6:	89 2b       	or	r24, r25
 3f8:	09 f4       	brne	.+2      	; 0x3fc <USB_Device_ProcessControlRequest+0x202>
 3fa:	3e c0       	rjmp	.+124    	; 0x478 <__LOCK_REGION_LENGTH__+0x78>
 3fc:	90 91 e8 00 	lds	r25, 0x00E8	; 0x8000e8 <__TEXT_REGION_LENGTH__+0x7e00e8>
 400:	97 7f       	andi	r25, 0xF7	; 247
 402:	90 93 e8 00 	sts	0x00E8, r25	; 0x8000e8 <__TEXT_REGION_LENGTH__+0x7e00e8>
 406:	89 81       	ldd	r24, Y+1	; 0x01
 408:	9a 81       	ldd	r25, Y+2	; 0x02
 40a:	36 d2       	rcall	.+1132   	; 0x878 <Endpoint_Write_Control_PStream_LE>
 40c:	80 91 e8 00 	lds	r24, 0x00E8	; 0x8000e8 <__TEXT_REGION_LENGTH__+0x7e00e8>
 410:	8b 77       	andi	r24, 0x7B	; 123
 412:	80 93 e8 00 	sts	0x00E8, r24	; 0x8000e8 <__TEXT_REGION_LENGTH__+0x7e00e8>
 416:	30 c0       	rjmp	.+96     	; 0x478 <__LOCK_REGION_LENGTH__+0x78>
 418:	80 38       	cpi	r24, 0x80	; 128
 41a:	71 f5       	brne	.+92     	; 0x478 <__LOCK_REGION_LENGTH__+0x78>
 41c:	80 91 e8 00 	lds	r24, 0x00E8	; 0x8000e8 <__TEXT_REGION_LENGTH__+0x7e00e8>
 420:	87 7f       	andi	r24, 0xF7	; 247
 422:	80 93 e8 00 	sts	0x00E8, r24	; 0x8000e8 <__TEXT_REGION_LENGTH__+0x7e00e8>
 426:	80 91 3e 01 	lds	r24, 0x013E	; 0x80013e <USB_Device_ConfigurationNumber>
 42a:	80 93 f1 00 	sts	0x00F1, r24	; 0x8000f1 <__TEXT_REGION_LENGTH__+0x7e00f1>
 42e:	80 91 e8 00 	lds	r24, 0x00E8	; 0x8000e8 <__TEXT_REGION_LENGTH__+0x7e00e8>
 432:	8e 77       	andi	r24, 0x7E	; 126
 434:	77 cf       	rjmp	.-274    	; 0x324 <USB_Device_ProcessControlRequest+0x12a>
 436:	81 11       	cpse	r24, r1
 438:	1f c0       	rjmp	.+62     	; 0x478 <__LOCK_REGION_LENGTH__+0x78>
 43a:	80 91 38 01 	lds	r24, 0x0138	; 0x800138 <USB_ControlRequest+0x2>
 43e:	90 91 39 01 	lds	r25, 0x0139	; 0x800139 <USB_ControlRequest+0x3>
 442:	99 27       	eor	r25, r25
 444:	02 97       	sbiw	r24, 0x02	; 2
 446:	c4 f4       	brge	.+48     	; 0x478 <__LOCK_REGION_LENGTH__+0x78>
 448:	80 91 e8 00 	lds	r24, 0x00E8	; 0x8000e8 <__TEXT_REGION_LENGTH__+0x7e00e8>
 44c:	87 7f       	andi	r24, 0xF7	; 247
 44e:	80 93 e8 00 	sts	0x00E8, r24	; 0x8000e8 <__TEXT_REGION_LENGTH__+0x7e00e8>
 452:	80 91 38 01 	lds	r24, 0x0138	; 0x800138 <USB_ControlRequest+0x2>
 456:	80 93 3e 01 	sts	0x013E, r24	; 0x80013e <USB_Device_ConfigurationNumber>
 45a:	8c d0       	rcall	.+280    	; 0x574 <Endpoint_ClearStatusStage>
 45c:	80 91 3e 01 	lds	r24, 0x013E	; 0x80013e <USB_Device_ConfigurationNumber>
 460:	81 11       	cpse	r24, r1
 462:	06 c0       	rjmp	.+12     	; 0x470 <__LOCK_REGION_LENGTH__+0x70>
 464:	80 91 e3 00 	lds	r24, 0x00E3	; 0x8000e3 <__TEXT_REGION_LENGTH__+0x7e00e3>
 468:	87 fd       	sbrc	r24, 7
 46a:	02 c0       	rjmp	.+4      	; 0x470 <__LOCK_REGION_LENGTH__+0x70>
 46c:	81 e0       	ldi	r24, 0x01	; 1
 46e:	01 c0       	rjmp	.+2      	; 0x472 <__LOCK_REGION_LENGTH__+0x72>
 470:	84 e0       	ldi	r24, 0x04	; 4
 472:	80 93 35 01 	sts	0x0135, r24	; 0x800135 <USB_DeviceState>
 476:	81 d2       	rcall	.+1282   	; 0x97a <EVENT_USB_Device_ConfigurationChanged>
 478:	80 91 e8 00 	lds	r24, 0x00E8	; 0x8000e8 <__TEXT_REGION_LENGTH__+0x7e00e8>
 47c:	83 ff       	sbrs	r24, 3
 47e:	0a c0       	rjmp	.+20     	; 0x494 <__LOCK_REGION_LENGTH__+0x94>
 480:	80 91 e8 00 	lds	r24, 0x00E8	; 0x8000e8 <__TEXT_REGION_LENGTH__+0x7e00e8>
 484:	87 7f       	andi	r24, 0xF7	; 247
 486:	80 93 e8 00 	sts	0x00E8, r24	; 0x8000e8 <__TEXT_REGION_LENGTH__+0x7e00e8>
 48a:	80 91 eb 00 	lds	r24, 0x00EB	; 0x8000eb <__TEXT_REGION_LENGTH__+0x7e00eb>
 48e:	80 62       	ori	r24, 0x20	; 32
 490:	80 93 eb 00 	sts	0x00EB, r24	; 0x8000eb <__TEXT_REGION_LENGTH__+0x7e00eb>
 494:	aa 96       	adiw	r28, 0x2a	; 42
 496:	0f b6       	in	r0, 0x3f	; 63
 498:	f8 94       	cli
 49a:	de bf       	out	0x3e, r29	; 62
 49c:	0f be       	out	0x3f, r0	; 63
 49e:	cd bf       	out	0x3d, r28	; 61
 4a0:	df 91       	pop	r29
 4a2:	cf 91       	pop	r28
 4a4:	1f 91       	pop	r17
 4a6:	08 95       	ret

000004a8 <CALLBACK_USB_GetDescriptor>:
 4a8:	29 2f       	mov	r18, r25
 4aa:	33 27       	eor	r19, r19
 4ac:	22 30       	cpi	r18, 0x02	; 2
 4ae:	31 05       	cpc	r19, r1
 4b0:	59 f0       	breq	.+22     	; 0x4c8 <CALLBACK_USB_GetDescriptor+0x20>
 4b2:	23 30       	cpi	r18, 0x03	; 3
 4b4:	31 05       	cpc	r19, r1
 4b6:	69 f0       	breq	.+26     	; 0x4d2 <CALLBACK_USB_GetDescriptor+0x2a>
 4b8:	21 30       	cpi	r18, 0x01	; 1
 4ba:	31 05       	cpc	r19, r1
 4bc:	e9 f4       	brne	.+58     	; 0x4f8 <CALLBACK_USB_GetDescriptor+0x50>
 4be:	82 e1       	ldi	r24, 0x12	; 18
 4c0:	90 e0       	ldi	r25, 0x00	; 0
 4c2:	20 e7       	ldi	r18, 0x70	; 112
 4c4:	31 e0       	ldi	r19, 0x01	; 1
 4c6:	1c c0       	rjmp	.+56     	; 0x500 <CALLBACK_USB_GetDescriptor+0x58>
 4c8:	8e e3       	ldi	r24, 0x3E	; 62
 4ca:	90 e0       	ldi	r25, 0x00	; 0
 4cc:	22 e3       	ldi	r18, 0x32	; 50
 4ce:	31 e0       	ldi	r19, 0x01	; 1
 4d0:	17 c0       	rjmp	.+46     	; 0x500 <CALLBACK_USB_GetDescriptor+0x58>
 4d2:	99 27       	eor	r25, r25
 4d4:	81 30       	cpi	r24, 0x01	; 1
 4d6:	91 05       	cpc	r25, r1
 4d8:	49 f0       	breq	.+18     	; 0x4ec <CALLBACK_USB_GetDescriptor+0x44>
 4da:	28 f0       	brcs	.+10     	; 0x4e6 <CALLBACK_USB_GetDescriptor+0x3e>
 4dc:	02 97       	sbiw	r24, 0x02	; 2
 4de:	61 f4       	brne	.+24     	; 0x4f8 <CALLBACK_USB_GetDescriptor+0x50>
 4e0:	e0 ec       	ldi	r30, 0xC0	; 192
 4e2:	f0 e0       	ldi	r31, 0x00	; 0
 4e4:	05 c0       	rjmp	.+10     	; 0x4f0 <CALLBACK_USB_GetDescriptor+0x48>
 4e6:	ee e2       	ldi	r30, 0x2E	; 46
 4e8:	f1 e0       	ldi	r31, 0x01	; 1
 4ea:	02 c0       	rjmp	.+4      	; 0x4f0 <CALLBACK_USB_GetDescriptor+0x48>
 4ec:	ea ef       	ldi	r30, 0xFA	; 250
 4ee:	f0 e0       	ldi	r31, 0x00	; 0
 4f0:	84 91       	lpm	r24, Z
 4f2:	90 e0       	ldi	r25, 0x00	; 0
 4f4:	9f 01       	movw	r18, r30
 4f6:	04 c0       	rjmp	.+8      	; 0x500 <CALLBACK_USB_GetDescriptor+0x58>
 4f8:	80 e0       	ldi	r24, 0x00	; 0
 4fa:	90 e0       	ldi	r25, 0x00	; 0
 4fc:	20 e0       	ldi	r18, 0x00	; 0
 4fe:	30 e0       	ldi	r19, 0x00	; 0
 500:	fa 01       	movw	r30, r20
 502:	31 83       	std	Z+1, r19	; 0x01
 504:	20 83       	st	Z, r18
 506:	08 95       	ret

00000508 <USB_Event_Stub>:
 508:	08 95       	ret

0000050a <Endpoint_ConfigureEndpoint_Prv>:
 50a:	98 2f       	mov	r25, r24
 50c:	97 30       	cpi	r25, 0x07	; 7
 50e:	68 f5       	brcc	.+90     	; 0x56a <Endpoint_ConfigureEndpoint_Prv+0x60>
 510:	90 93 e9 00 	sts	0x00E9, r25	; 0x8000e9 <__TEXT_REGION_LENGTH__+0x7e00e9>
 514:	98 17       	cp	r25, r24
 516:	39 f0       	breq	.+14     	; 0x526 <Endpoint_ConfigureEndpoint_Prv+0x1c>
 518:	70 91 ec 00 	lds	r23, 0x00EC	; 0x8000ec <__TEXT_REGION_LENGTH__+0x7e00ec>
 51c:	20 91 ed 00 	lds	r18, 0x00ED	; 0x8000ed <__TEXT_REGION_LENGTH__+0x7e00ed>
 520:	50 91 f0 00 	lds	r21, 0x00F0	; 0x8000f0 <__TEXT_REGION_LENGTH__+0x7e00f0>
 524:	03 c0       	rjmp	.+6      	; 0x52c <Endpoint_ConfigureEndpoint_Prv+0x22>
 526:	24 2f       	mov	r18, r20
 528:	76 2f       	mov	r23, r22
 52a:	50 e0       	ldi	r21, 0x00	; 0
 52c:	21 fd       	sbrc	r18, 1
 52e:	02 c0       	rjmp	.+4      	; 0x534 <Endpoint_ConfigureEndpoint_Prv+0x2a>
 530:	9f 5f       	subi	r25, 0xFF	; 255
 532:	ec cf       	rjmp	.-40     	; 0x50c <Endpoint_ConfigureEndpoint_Prv+0x2>
 534:	30 91 eb 00 	lds	r19, 0x00EB	; 0x8000eb <__TEXT_REGION_LENGTH__+0x7e00eb>
 538:	3e 7f       	andi	r19, 0xFE	; 254
 53a:	30 93 eb 00 	sts	0x00EB, r19	; 0x8000eb <__TEXT_REGION_LENGTH__+0x7e00eb>
 53e:	30 91 ed 00 	lds	r19, 0x00ED	; 0x8000ed <__TEXT_REGION_LENGTH__+0x7e00ed>
 542:	3d 7f       	andi	r19, 0xFD	; 253
 544:	30 93 ed 00 	sts	0x00ED, r19	; 0x8000ed <__TEXT_REGION_LENGTH__+0x7e00ed>
 548:	30 91 eb 00 	lds	r19, 0x00EB	; 0x8000eb <__TEXT_REGION_LENGTH__+0x7e00eb>
 54c:	31 60       	ori	r19, 0x01	; 1
 54e:	30 93 eb 00 	sts	0x00EB, r19	; 0x8000eb <__TEXT_REGION_LENGTH__+0x7e00eb>
 552:	70 93 ec 00 	sts	0x00EC, r23	; 0x8000ec <__TEXT_REGION_LENGTH__+0x7e00ec>
 556:	20 93 ed 00 	sts	0x00ED, r18	; 0x8000ed <__TEXT_REGION_LENGTH__+0x7e00ed>
 55a:	50 93 f0 00 	sts	0x00F0, r21	; 0x8000f0 <__TEXT_REGION_LENGTH__+0x7e00f0>
 55e:	20 91 ee 00 	lds	r18, 0x00EE	; 0x8000ee <__TEXT_REGION_LENGTH__+0x7e00ee>
 562:	27 fd       	sbrc	r18, 7
 564:	e5 cf       	rjmp	.-54     	; 0x530 <Endpoint_ConfigureEndpoint_Prv+0x26>
 566:	80 e0       	ldi	r24, 0x00	; 0
 568:	08 95       	ret
 56a:	8f 70       	andi	r24, 0x0F	; 15
 56c:	80 93 e9 00 	sts	0x00E9, r24	; 0x8000e9 <__TEXT_REGION_LENGTH__+0x7e00e9>
 570:	81 e0       	ldi	r24, 0x01	; 1
 572:	08 95       	ret

00000574 <Endpoint_ClearStatusStage>:
 574:	80 91 36 01 	lds	r24, 0x0136	; 0x800136 <USB_ControlRequest>
 578:	87 ff       	sbrs	r24, 7
 57a:	11 c0       	rjmp	.+34     	; 0x59e <Endpoint_ClearStatusStage+0x2a>
 57c:	80 91 e8 00 	lds	r24, 0x00E8	; 0x8000e8 <__TEXT_REGION_LENGTH__+0x7e00e8>
 580:	82 fd       	sbrc	r24, 2
 582:	05 c0       	rjmp	.+10     	; 0x58e <Endpoint_ClearStatusStage+0x1a>
 584:	80 91 35 01 	lds	r24, 0x0135	; 0x800135 <USB_DeviceState>
 588:	81 11       	cpse	r24, r1
 58a:	f8 cf       	rjmp	.-16     	; 0x57c <Endpoint_ClearStatusStage+0x8>
 58c:	11 c0       	rjmp	.+34     	; 0x5b0 <Endpoint_ClearStatusStage+0x3c>
 58e:	80 91 e8 00 	lds	r24, 0x00E8	; 0x8000e8 <__TEXT_REGION_LENGTH__+0x7e00e8>
 592:	8b 77       	andi	r24, 0x7B	; 123
 594:	0b c0       	rjmp	.+22     	; 0x5ac <Endpoint_ClearStatusStage+0x38>
 596:	80 91 35 01 	lds	r24, 0x0135	; 0x800135 <USB_DeviceState>
 59a:	88 23       	and	r24, r24
 59c:	49 f0       	breq	.+18     	; 0x5b0 <Endpoint_ClearStatusStage+0x3c>
 59e:	80 91 e8 00 	lds	r24, 0x00E8	; 0x8000e8 <__TEXT_REGION_LENGTH__+0x7e00e8>
 5a2:	80 ff       	sbrs	r24, 0
 5a4:	f8 cf       	rjmp	.-16     	; 0x596 <Endpoint_ClearStatusStage+0x22>
 5a6:	80 91 e8 00 	lds	r24, 0x00E8	; 0x8000e8 <__TEXT_REGION_LENGTH__+0x7e00e8>
 5aa:	8e 77       	andi	r24, 0x7E	; 126
 5ac:	80 93 e8 00 	sts	0x00E8, r24	; 0x8000e8 <__TEXT_REGION_LENGTH__+0x7e00e8>
 5b0:	08 95       	ret

000005b2 <Endpoint_WaitUntilReady>:
 5b2:	20 91 e4 00 	lds	r18, 0x00E4	; 0x8000e4 <__TEXT_REGION_LENGTH__+0x7e00e4>
 5b6:	30 91 e5 00 	lds	r19, 0x00E5	; 0x8000e5 <__TEXT_REGION_LENGTH__+0x7e00e5>
 5ba:	95 e6       	ldi	r25, 0x65	; 101
 5bc:	40 91 ec 00 	lds	r20, 0x00EC	; 0x8000ec <__TEXT_REGION_LENGTH__+0x7e00ec>
 5c0:	84 2f       	mov	r24, r20
 5c2:	81 70       	andi	r24, 0x01	; 1
 5c4:	40 ff       	sbrs	r20, 0
 5c6:	23 c0       	rjmp	.+70     	; 0x60e <Endpoint_WaitUntilReady+0x5c>
 5c8:	80 91 e8 00 	lds	r24, 0x00E8	; 0x8000e8 <__TEXT_REGION_LENGTH__+0x7e00e8>
 5cc:	80 fd       	sbrc	r24, 0
 5ce:	1d c0       	rjmp	.+58     	; 0x60a <Endpoint_WaitUntilReady+0x58>
 5d0:	80 91 35 01 	lds	r24, 0x0135	; 0x800135 <USB_DeviceState>
 5d4:	88 23       	and	r24, r24
 5d6:	99 f0       	breq	.+38     	; 0x5fe <Endpoint_WaitUntilReady+0x4c>
 5d8:	85 30       	cpi	r24, 0x05	; 5
 5da:	99 f0       	breq	.+38     	; 0x602 <Endpoint_WaitUntilReady+0x50>
 5dc:	80 91 eb 00 	lds	r24, 0x00EB	; 0x8000eb <__TEXT_REGION_LENGTH__+0x7e00eb>
 5e0:	85 fd       	sbrc	r24, 5
 5e2:	11 c0       	rjmp	.+34     	; 0x606 <Endpoint_WaitUntilReady+0x54>
 5e4:	40 91 e4 00 	lds	r20, 0x00E4	; 0x8000e4 <__TEXT_REGION_LENGTH__+0x7e00e4>
 5e8:	50 91 e5 00 	lds	r21, 0x00E5	; 0x8000e5 <__TEXT_REGION_LENGTH__+0x7e00e5>
 5ec:	24 17       	cp	r18, r20
 5ee:	35 07       	cpc	r19, r21
 5f0:	29 f3       	breq	.-54     	; 0x5bc <Endpoint_WaitUntilReady+0xa>
 5f2:	91 50       	subi	r25, 0x01	; 1
 5f4:	11 f0       	breq	.+4      	; 0x5fa <Endpoint_WaitUntilReady+0x48>
 5f6:	9a 01       	movw	r18, r20
 5f8:	e1 cf       	rjmp	.-62     	; 0x5bc <Endpoint_WaitUntilReady+0xa>
 5fa:	84 e0       	ldi	r24, 0x04	; 4
 5fc:	08 95       	ret
 5fe:	82 e0       	ldi	r24, 0x02	; 2
 600:	08 95       	ret
 602:	83 e0       	ldi	r24, 0x03	; 3
 604:	08 95       	ret
 606:	81 e0       	ldi	r24, 0x01	; 1
 608:	08 95       	ret
 60a:	80 e0       	ldi	r24, 0x00	; 0
 60c:	08 95       	ret
 60e:	40 91 e8 00 	lds	r20, 0x00E8	; 0x8000e8 <__TEXT_REGION_LENGTH__+0x7e00e8>
 612:	42 ff       	sbrs	r20, 2
 614:	dd cf       	rjmp	.-70     	; 0x5d0 <Endpoint_WaitUntilReady+0x1e>
 616:	08 95       	ret

00000618 <Endpoint_Write_Stream_LE>:
 618:	cf 92       	push	r12
 61a:	df 92       	push	r13
 61c:	ef 92       	push	r14
 61e:	ff 92       	push	r15
 620:	0f 93       	push	r16
 622:	1f 93       	push	r17
 624:	cf 93       	push	r28
 626:	df 93       	push	r29
 628:	ec 01       	movw	r28, r24
 62a:	8b 01       	movw	r16, r22
 62c:	7a 01       	movw	r14, r20
 62e:	c1 df       	rcall	.-126    	; 0x5b2 <Endpoint_WaitUntilReady>
 630:	81 11       	cpse	r24, r1
 632:	32 c0       	rjmp	.+100    	; 0x698 <Endpoint_Write_Stream_LE+0x80>
 634:	e1 14       	cp	r14, r1
 636:	f1 04       	cpc	r15, r1
 638:	39 f0       	breq	.+14     	; 0x648 <Endpoint_Write_Stream_LE+0x30>
 63a:	f7 01       	movw	r30, r14
 63c:	80 81       	ld	r24, Z
 63e:	91 81       	ldd	r25, Z+1	; 0x01
 640:	08 1b       	sub	r16, r24
 642:	19 0b       	sbc	r17, r25
 644:	c8 0f       	add	r28, r24
 646:	d9 1f       	adc	r29, r25
 648:	c1 2c       	mov	r12, r1
 64a:	d1 2c       	mov	r13, r1
 64c:	01 15       	cp	r16, r1
 64e:	11 05       	cpc	r17, r1
 650:	11 f1       	breq	.+68     	; 0x696 <Endpoint_Write_Stream_LE+0x7e>
 652:	80 91 e8 00 	lds	r24, 0x00E8	; 0x8000e8 <__TEXT_REGION_LENGTH__+0x7e00e8>
 656:	85 fd       	sbrc	r24, 5
 658:	15 c0       	rjmp	.+42     	; 0x684 <Endpoint_Write_Stream_LE+0x6c>
 65a:	80 91 e8 00 	lds	r24, 0x00E8	; 0x8000e8 <__TEXT_REGION_LENGTH__+0x7e00e8>
 65e:	8e 77       	andi	r24, 0x7E	; 126
 660:	80 93 e8 00 	sts	0x00E8, r24	; 0x8000e8 <__TEXT_REGION_LENGTH__+0x7e00e8>
 664:	e1 14       	cp	r14, r1
 666:	f1 04       	cpc	r15, r1
 668:	49 f0       	breq	.+18     	; 0x67c <Endpoint_Write_Stream_LE+0x64>
 66a:	f7 01       	movw	r30, r14
 66c:	80 81       	ld	r24, Z
 66e:	91 81       	ldd	r25, Z+1	; 0x01
 670:	c8 0e       	add	r12, r24
 672:	d9 1e       	adc	r13, r25
 674:	d1 82       	std	Z+1, r13	; 0x01
 676:	c0 82       	st	Z, r12
 678:	85 e0       	ldi	r24, 0x05	; 5
 67a:	0e c0       	rjmp	.+28     	; 0x698 <Endpoint_Write_Stream_LE+0x80>
 67c:	9a df       	rcall	.-204    	; 0x5b2 <Endpoint_WaitUntilReady>
 67e:	88 23       	and	r24, r24
 680:	29 f3       	breq	.-54     	; 0x64c <Endpoint_Write_Stream_LE+0x34>
 682:	0a c0       	rjmp	.+20     	; 0x698 <Endpoint_Write_Stream_LE+0x80>
 684:	89 91       	ld	r24, Y+
 686:	80 93 f1 00 	sts	0x00F1, r24	; 0x8000f1 <__TEXT_REGION_LENGTH__+0x7e00f1>
 68a:	01 50       	subi	r16, 0x01	; 1
 68c:	11 09       	sbc	r17, r1
 68e:	ff ef       	ldi	r31, 0xFF	; 255
 690:	cf 1a       	sub	r12, r31
 692:	df 0a       	sbc	r13, r31
 694:	db cf       	rjmp	.-74     	; 0x64c <Endpoint_Write_Stream_LE+0x34>
 696:	80 e0       	ldi	r24, 0x00	; 0
 698:	df 91       	pop	r29
 69a:	cf 91       	pop	r28
 69c:	1f 91       	pop	r17
 69e:	0f 91       	pop	r16
 6a0:	ff 90       	pop	r15
 6a2:	ef 90       	pop	r14
 6a4:	df 90       	pop	r13
 6a6:	cf 90       	pop	r12
 6a8:	08 95       	ret

000006aa <Endpoint_Read_Stream_LE>:
 6aa:	cf 92       	push	r12
 6ac:	df 92       	push	r13
 6ae:	ef 92       	push	r14
 6b0:	ff 92       	push	r15
 6b2:	0f 93       	push	r16
 6b4:	1f 93       	push	r17
 6b6:	cf 93       	push	r28
 6b8:	df 93       	push	r29
 6ba:	ec 01       	movw	r28, r24
 6bc:	8b 01       	movw	r16, r22
 6be:	7a 01       	movw	r14, r20
 6c0:	78 df       	rcall	.-272    	; 0x5b2 <Endpoint_WaitUntilReady>
 6c2:	81 11       	cpse	r24, r1
 6c4:	32 c0       	rjmp	.+100    	; 0x72a <Endpoint_Read_Stream_LE+0x80>
 6c6:	e1 14       	cp	r14, r1
 6c8:	f1 04       	cpc	r15, r1
 6ca:	39 f0       	breq	.+14     	; 0x6da <Endpoint_Read_Stream_LE+0x30>
 6cc:	f7 01       	movw	r30, r14
 6ce:	80 81       	ld	r24, Z
 6d0:	91 81       	ldd	r25, Z+1	; 0x01
 6d2:	08 1b       	sub	r16, r24
 6d4:	19 0b       	sbc	r17, r25
 6d6:	c8 0f       	add	r28, r24
 6d8:	d9 1f       	adc	r29, r25
 6da:	c1 2c       	mov	r12, r1
 6dc:	d1 2c       	mov	r13, r1
 6de:	01 15       	cp	r16, r1
 6e0:	11 05       	cpc	r17, r1
 6e2:	11 f1       	breq	.+68     	; 0x728 <Endpoint_Read_Stream_LE+0x7e>
 6e4:	80 91 e8 00 	lds	r24, 0x00E8	; 0x8000e8 <__TEXT_REGION_LENGTH__+0x7e00e8>
 6e8:	85 fd       	sbrc	r24, 5
 6ea:	15 c0       	rjmp	.+42     	; 0x716 <Endpoint_Read_Stream_LE+0x6c>
 6ec:	80 91 e8 00 	lds	r24, 0x00E8	; 0x8000e8 <__TEXT_REGION_LENGTH__+0x7e00e8>
 6f0:	8b 77       	andi	r24, 0x7B	; 123
 6f2:	80 93 e8 00 	sts	0x00E8, r24	; 0x8000e8 <__TEXT_REGION_LENGTH__+0x7e00e8>
 6f6:	e1 14       	cp	r14, r1
 6f8:	f1 04       	cpc	r15, r1
 6fa:	49 f0       	breq	.+18     	; 0x70e <Endpoint_Read_Stream_LE+0x64>
 6fc:	f7 01       	movw	r30, r14
 6fe:	80 81       	ld	r24, Z
 700:	91 81       	ldd	r25, Z+1	; 0x01
 702:	c8 0e       	add	r12, r24
 704:	d9 1e       	adc	r13, r25
 706:	d1 82       	std	Z+1, r13	; 0x01
 708:	c0 82       	st	Z, r12
 70a:	85 e0       	ldi	r24, 0x05	; 5
 70c:	0e c0       	rjmp	.+28     	; 0x72a <Endpoint_Read_Stream_LE+0x80>
 70e:	51 df       	rcall	.-350    	; 0x5b2 <Endpoint_WaitUntilReady>
 710:	88 23       	and	r24, r24
 712:	29 f3       	breq	.-54     	; 0x6de <Endpoint_Read_Stream_LE+0x34>
 714:	0a c0       	rjmp	.+20     	; 0x72a <Endpoint_Read_Stream_LE+0x80>
 716:	80 91 f1 00 	lds	r24, 0x00F1	; 0x8000f1 <__TEXT_REGION_LENGTH__+0x7e00f1>
 71a:	89 93       	st	Y+, r24
 71c:	01 50       	subi	r16, 0x01	; 1
 71e:	11 09       	sbc	r17, r1
 720:	ff ef       	ldi	r31, 0xFF	; 255
 722:	cf 1a       	sub	r12, r31
 724:	df 0a       	sbc	r13, r31
 726:	db cf       	rjmp	.-74     	; 0x6de <Endpoint_Read_Stream_LE+0x34>
 728:	80 e0       	ldi	r24, 0x00	; 0
 72a:	df 91       	pop	r29
 72c:	cf 91       	pop	r28
 72e:	1f 91       	pop	r17
 730:	0f 91       	pop	r16
 732:	ff 90       	pop	r15
 734:	ef 90       	pop	r14
 736:	df 90       	pop	r13
 738:	cf 90       	pop	r12
 73a:	08 95       	ret

0000073c <Endpoint_Write_Control_Stream_LE>:
 73c:	20 91 3c 01 	lds	r18, 0x013C	; 0x80013c <USB_ControlRequest+0x6>
 740:	30 91 3d 01 	lds	r19, 0x013D	; 0x80013d <USB_ControlRequest+0x7>
 744:	26 17       	cp	r18, r22
 746:	37 07       	cpc	r19, r23
 748:	48 f0       	brcs	.+18     	; 0x75c <Endpoint_Write_Control_Stream_LE+0x20>
 74a:	61 15       	cp	r22, r1
 74c:	71 05       	cpc	r23, r1
 74e:	39 f4       	brne	.+14     	; 0x75e <Endpoint_Write_Control_Stream_LE+0x22>
 750:	20 91 e8 00 	lds	r18, 0x00E8	; 0x8000e8 <__TEXT_REGION_LENGTH__+0x7e00e8>
 754:	2e 77       	andi	r18, 0x7E	; 126
 756:	20 93 e8 00 	sts	0x00E8, r18	; 0x8000e8 <__TEXT_REGION_LENGTH__+0x7e00e8>
 75a:	01 c0       	rjmp	.+2      	; 0x75e <Endpoint_Write_Control_Stream_LE+0x22>
 75c:	b9 01       	movw	r22, r18
 75e:	fc 01       	movw	r30, r24
 760:	20 e0       	ldi	r18, 0x00	; 0
 762:	61 15       	cp	r22, r1
 764:	71 05       	cpc	r23, r1
 766:	79 f1       	breq	.+94     	; 0x7c6 <Endpoint_Write_Control_Stream_LE+0x8a>
 768:	80 91 35 01 	lds	r24, 0x0135	; 0x800135 <USB_DeviceState>
 76c:	88 23       	and	r24, r24
 76e:	f1 f1       	breq	.+124    	; 0x7ec <Endpoint_Write_Control_Stream_LE+0xb0>
 770:	85 30       	cpi	r24, 0x05	; 5
 772:	f1 f1       	breq	.+124    	; 0x7f0 <Endpoint_Write_Control_Stream_LE+0xb4>
 774:	80 91 e8 00 	lds	r24, 0x00E8	; 0x8000e8 <__TEXT_REGION_LENGTH__+0x7e00e8>
 778:	83 fd       	sbrc	r24, 3
 77a:	3c c0       	rjmp	.+120    	; 0x7f4 <Endpoint_Write_Control_Stream_LE+0xb8>
 77c:	80 91 e8 00 	lds	r24, 0x00E8	; 0x8000e8 <__TEXT_REGION_LENGTH__+0x7e00e8>
 780:	82 fd       	sbrc	r24, 2
 782:	2e c0       	rjmp	.+92     	; 0x7e0 <Endpoint_Write_Control_Stream_LE+0xa4>
 784:	80 91 e8 00 	lds	r24, 0x00E8	; 0x8000e8 <__TEXT_REGION_LENGTH__+0x7e00e8>
 788:	80 ff       	sbrs	r24, 0
 78a:	eb cf       	rjmp	.-42     	; 0x762 <Endpoint_Write_Control_Stream_LE+0x26>
 78c:	20 91 f3 00 	lds	r18, 0x00F3	; 0x8000f3 <__TEXT_REGION_LENGTH__+0x7e00f3>
 790:	80 91 f2 00 	lds	r24, 0x00F2	; 0x8000f2 <__TEXT_REGION_LENGTH__+0x7e00f2>
 794:	90 e0       	ldi	r25, 0x00	; 0
 796:	92 2b       	or	r25, r18
 798:	61 15       	cp	r22, r1
 79a:	71 05       	cpc	r23, r1
 79c:	51 f0       	breq	.+20     	; 0x7b2 <Endpoint_Write_Control_Stream_LE+0x76>
 79e:	88 30       	cpi	r24, 0x08	; 8
 7a0:	91 05       	cpc	r25, r1
 7a2:	38 f4       	brcc	.+14     	; 0x7b2 <Endpoint_Write_Control_Stream_LE+0x76>
 7a4:	21 91       	ld	r18, Z+
 7a6:	20 93 f1 00 	sts	0x00F1, r18	; 0x8000f1 <__TEXT_REGION_LENGTH__+0x7e00f1>
 7aa:	61 50       	subi	r22, 0x01	; 1
 7ac:	71 09       	sbc	r23, r1
 7ae:	01 96       	adiw	r24, 0x01	; 1
 7b0:	f3 cf       	rjmp	.-26     	; 0x798 <Endpoint_Write_Control_Stream_LE+0x5c>
 7b2:	21 e0       	ldi	r18, 0x01	; 1
 7b4:	08 97       	sbiw	r24, 0x08	; 8
 7b6:	09 f0       	breq	.+2      	; 0x7ba <Endpoint_Write_Control_Stream_LE+0x7e>
 7b8:	20 e0       	ldi	r18, 0x00	; 0
 7ba:	80 91 e8 00 	lds	r24, 0x00E8	; 0x8000e8 <__TEXT_REGION_LENGTH__+0x7e00e8>
 7be:	8e 77       	andi	r24, 0x7E	; 126
 7c0:	80 93 e8 00 	sts	0x00E8, r24	; 0x8000e8 <__TEXT_REGION_LENGTH__+0x7e00e8>
 7c4:	ce cf       	rjmp	.-100    	; 0x762 <Endpoint_Write_Control_Stream_LE+0x26>
 7c6:	21 11       	cpse	r18, r1
 7c8:	cf cf       	rjmp	.-98     	; 0x768 <Endpoint_Write_Control_Stream_LE+0x2c>
 7ca:	0a c0       	rjmp	.+20     	; 0x7e0 <Endpoint_Write_Control_Stream_LE+0xa4>
 7cc:	80 91 35 01 	lds	r24, 0x0135	; 0x800135 <USB_DeviceState>
 7d0:	88 23       	and	r24, r24
 7d2:	61 f0       	breq	.+24     	; 0x7ec <Endpoint_Write_Control_Stream_LE+0xb0>
 7d4:	85 30       	cpi	r24, 0x05	; 5
 7d6:	61 f0       	breq	.+24     	; 0x7f0 <Endpoint_Write_Control_Stream_LE+0xb4>
 7d8:	80 91 e8 00 	lds	r24, 0x00E8	; 0x8000e8 <__TEXT_REGION_LENGTH__+0x7e00e8>
 7dc:	83 fd       	sbrc	r24, 3
 7de:	0a c0       	rjmp	.+20     	; 0x7f4 <Endpoint_Write_Control_Stream_LE+0xb8>
 7e0:	80 91 e8 00 	lds	r24, 0x00E8	; 0x8000e8 <__TEXT_REGION_LENGTH__+0x7e00e8>
 7e4:	82 ff       	sbrs	r24, 2
 7e6:	f2 cf       	rjmp	.-28     	; 0x7cc <Endpoint_Write_Control_Stream_LE+0x90>
 7e8:	80 e0       	ldi	r24, 0x00	; 0
 7ea:	08 95       	ret
 7ec:	82 e0       	ldi	r24, 0x02	; 2
 7ee:	08 95       	ret
 7f0:	83 e0       	ldi	r24, 0x03	; 3
 7f2:	08 95       	ret
 7f4:	81 e0       	ldi	r24, 0x01	; 1
 7f6:	08 95       	ret

000007f8 <Endpoint_Read_Control_Stream_LE>:
 7f8:	61 15       	cp	r22, r1
 7fa:	71 05       	cpc	r23, r1
 7fc:	29 f4       	brne	.+10     	; 0x808 <Endpoint_Read_Control_Stream_LE+0x10>
 7fe:	20 91 e8 00 	lds	r18, 0x00E8	; 0x8000e8 <__TEXT_REGION_LENGTH__+0x7e00e8>
 802:	2b 77       	andi	r18, 0x7B	; 123
 804:	20 93 e8 00 	sts	0x00E8, r18	; 0x8000e8 <__TEXT_REGION_LENGTH__+0x7e00e8>
 808:	fc 01       	movw	r30, r24
 80a:	61 15       	cp	r22, r1
 80c:	71 05       	cpc	r23, r1
 80e:	41 f1       	breq	.+80     	; 0x860 <Endpoint_Read_Control_Stream_LE+0x68>
 810:	80 91 35 01 	lds	r24, 0x0135	; 0x800135 <USB_DeviceState>
 814:	88 23       	and	r24, r24
 816:	61 f1       	breq	.+88     	; 0x870 <Endpoint_Read_Control_Stream_LE+0x78>
 818:	85 30       	cpi	r24, 0x05	; 5
 81a:	61 f1       	breq	.+88     	; 0x874 <Endpoint_Read_Control_Stream_LE+0x7c>
 81c:	80 91 e8 00 	lds	r24, 0x00E8	; 0x8000e8 <__TEXT_REGION_LENGTH__+0x7e00e8>
 820:	83 fd       	sbrc	r24, 3
 822:	24 c0       	rjmp	.+72     	; 0x86c <Endpoint_Read_Control_Stream_LE+0x74>
 824:	80 91 e8 00 	lds	r24, 0x00E8	; 0x8000e8 <__TEXT_REGION_LENGTH__+0x7e00e8>
 828:	82 ff       	sbrs	r24, 2
 82a:	ef cf       	rjmp	.-34     	; 0x80a <Endpoint_Read_Control_Stream_LE+0x12>
 82c:	20 91 f3 00 	lds	r18, 0x00F3	; 0x8000f3 <__TEXT_REGION_LENGTH__+0x7e00f3>
 830:	80 91 f2 00 	lds	r24, 0x00F2	; 0x8000f2 <__TEXT_REGION_LENGTH__+0x7e00f2>
 834:	90 e0       	ldi	r25, 0x00	; 0
 836:	92 2b       	or	r25, r18
 838:	89 2b       	or	r24, r25
 83a:	31 f0       	breq	.+12     	; 0x848 <Endpoint_Read_Control_Stream_LE+0x50>
 83c:	80 91 f1 00 	lds	r24, 0x00F1	; 0x8000f1 <__TEXT_REGION_LENGTH__+0x7e00f1>
 840:	81 93       	st	Z+, r24
 842:	61 50       	subi	r22, 0x01	; 1
 844:	71 09       	sbc	r23, r1
 846:	91 f7       	brne	.-28     	; 0x82c <Endpoint_Read_Control_Stream_LE+0x34>
 848:	80 91 e8 00 	lds	r24, 0x00E8	; 0x8000e8 <__TEXT_REGION_LENGTH__+0x7e00e8>
 84c:	8b 77       	andi	r24, 0x7B	; 123
 84e:	80 93 e8 00 	sts	0x00E8, r24	; 0x8000e8 <__TEXT_REGION_LENGTH__+0x7e00e8>
 852:	db cf       	rjmp	.-74     	; 0x80a <Endpoint_Read_Control_Stream_LE+0x12>
 854:	80 91 35 01 	lds	r24, 0x0135	; 0x800135 <USB_DeviceState>
 858:	88 23       	and	r24, r24
 85a:	51 f0       	breq	.+20     	; 0x870 <Endpoint_Read_Control_Stream_LE+0x78>
 85c:	85 30       	cpi	r24, 0x05	; 5
 85e:	51 f0       	breq	.+20     	; 0x874 <Endpoint_Read_Control_Stream_LE+0x7c>
 860:	80 91 e8 00 	lds	r24, 0x00E8	; 0x8000e8 <__TEXT_REGION_LENGTH__+0x7e00e8>
 864:	80 ff       	sbrs	r24, 0
 866:	f6 cf       	rjmp	.-20     	; 0x854 <Endpoint_Read_Control_Stream_LE+0x5c>
 868:	80 e0       	ldi	r24, 0x00	; 0
 86a:	08 95       	ret
 86c:	81 e0       	ldi	r24, 0x01	; 1
 86e:	08 95       	ret
 870:	82 e0       	ldi	r24, 0x02	; 2
 872:	08 95       	ret
 874:	83 e0       	ldi	r24, 0x03	; 3
 876:	08 95       	ret

00000878 <Endpoint_Write_Control_PStream_LE>:
 878:	20 91 3c 01 	lds	r18, 0x013C	; 0x80013c <USB_ControlRequest+0x6>
 87c:	30 91 3d 01 	lds	r19, 0x013D	; 0x80013d <USB_ControlRequest+0x7>
 880:	26 17       	cp	r18, r22
 882:	37 07       	cpc	r19, r23
 884:	48 f0       	brcs	.+18     	; 0x898 <Endpoint_Write_Control_PStream_LE+0x20>
 886:	61 15       	cp	r22, r1
 888:	71 05       	cpc	r23, r1
 88a:	39 f4       	brne	.+14     	; 0x89a <Endpoint_Write_Control_PStream_LE+0x22>
 88c:	20 91 e8 00 	lds	r18, 0x00E8	; 0x8000e8 <__TEXT_REGION_LENGTH__+0x7e00e8>
 890:	2e 77       	andi	r18, 0x7E	; 126
 892:	20 93 e8 00 	sts	0x00E8, r18	; 0x8000e8 <__TEXT_REGION_LENGTH__+0x7e00e8>
 896:	01 c0       	rjmp	.+2      	; 0x89a <Endpoint_Write_Control_PStream_LE+0x22>
 898:	b9 01       	movw	r22, r18
 89a:	fc 01       	movw	r30, r24
 89c:	20 e0       	ldi	r18, 0x00	; 0
 89e:	61 15       	cp	r22, r1
 8a0:	71 05       	cpc	r23, r1
 8a2:	91 f1       	breq	.+100    	; 0x908 <Endpoint_Write_Control_PStream_LE+0x90>
 8a4:	80 91 35 01 	lds	r24, 0x0135	; 0x800135 <USB_DeviceState>
 8a8:	88 23       	and	r24, r24
 8aa:	09 f4       	brne	.+2      	; 0x8ae <Endpoint_Write_Control_PStream_LE+0x36>
 8ac:	40 c0       	rjmp	.+128    	; 0x92e <Endpoint_Write_Control_PStream_LE+0xb6>
 8ae:	85 30       	cpi	r24, 0x05	; 5
 8b0:	09 f4       	brne	.+2      	; 0x8b4 <Endpoint_Write_Control_PStream_LE+0x3c>
 8b2:	3f c0       	rjmp	.+126    	; 0x932 <Endpoint_Write_Control_PStream_LE+0xba>
 8b4:	80 91 e8 00 	lds	r24, 0x00E8	; 0x8000e8 <__TEXT_REGION_LENGTH__+0x7e00e8>
 8b8:	83 fd       	sbrc	r24, 3
 8ba:	3d c0       	rjmp	.+122    	; 0x936 <Endpoint_Write_Control_PStream_LE+0xbe>
 8bc:	80 91 e8 00 	lds	r24, 0x00E8	; 0x8000e8 <__TEXT_REGION_LENGTH__+0x7e00e8>
 8c0:	82 fd       	sbrc	r24, 2
 8c2:	2f c0       	rjmp	.+94     	; 0x922 <Endpoint_Write_Control_PStream_LE+0xaa>
 8c4:	80 91 e8 00 	lds	r24, 0x00E8	; 0x8000e8 <__TEXT_REGION_LENGTH__+0x7e00e8>
 8c8:	80 ff       	sbrs	r24, 0
 8ca:	e9 cf       	rjmp	.-46     	; 0x89e <Endpoint_Write_Control_PStream_LE+0x26>
 8cc:	20 91 f3 00 	lds	r18, 0x00F3	; 0x8000f3 <__TEXT_REGION_LENGTH__+0x7e00f3>
 8d0:	80 91 f2 00 	lds	r24, 0x00F2	; 0x8000f2 <__TEXT_REGION_LENGTH__+0x7e00f2>
 8d4:	90 e0       	ldi	r25, 0x00	; 0
 8d6:	92 2b       	or	r25, r18
 8d8:	61 15       	cp	r22, r1
 8da:	71 05       	cpc	r23, r1
 8dc:	59 f0       	breq	.+22     	; 0x8f4 <Endpoint_Write_Control_PStream_LE+0x7c>
 8de:	88 30       	cpi	r24, 0x08	; 8
 8e0:	91 05       	cpc	r25, r1
 8e2:	40 f4       	brcc	.+16     	; 0x8f4 <Endpoint_Write_Control_PStream_LE+0x7c>
 8e4:	24 91       	lpm	r18, Z
 8e6:	20 93 f1 00 	sts	0x00F1, r18	; 0x8000f1 <__TEXT_REGION_LENGTH__+0x7e00f1>
 8ea:	31 96       	adiw	r30, 0x01	; 1
 8ec:	61 50       	subi	r22, 0x01	; 1
 8ee:	71 09       	sbc	r23, r1
 8f0:	01 96       	adiw	r24, 0x01	; 1
 8f2:	f2 cf       	rjmp	.-28     	; 0x8d8 <Endpoint_Write_Control_PStream_LE+0x60>
 8f4:	21 e0       	ldi	r18, 0x01	; 1
 8f6:	08 97       	sbiw	r24, 0x08	; 8
 8f8:	09 f0       	breq	.+2      	; 0x8fc <Endpoint_Write_Control_PStream_LE+0x84>
 8fa:	20 e0       	ldi	r18, 0x00	; 0
 8fc:	80 91 e8 00 	lds	r24, 0x00E8	; 0x8000e8 <__TEXT_REGION_LENGTH__+0x7e00e8>
 900:	8e 77       	andi	r24, 0x7E	; 126
 902:	80 93 e8 00 	sts	0x00E8, r24	; 0x8000e8 <__TEXT_REGION_LENGTH__+0x7e00e8>
 906:	cb cf       	rjmp	.-106    	; 0x89e <Endpoint_Write_Control_PStream_LE+0x26>
 908:	21 11       	cpse	r18, r1
 90a:	cc cf       	rjmp	.-104    	; 0x8a4 <Endpoint_Write_Control_PStream_LE+0x2c>
 90c:	0a c0       	rjmp	.+20     	; 0x922 <Endpoint_Write_Control_PStream_LE+0xaa>
 90e:	80 91 35 01 	lds	r24, 0x0135	; 0x800135 <USB_DeviceState>
 912:	88 23       	and	r24, r24
 914:	61 f0       	breq	.+24     	; 0x92e <Endpoint_Write_Control_PStream_LE+0xb6>
 916:	85 30       	cpi	r24, 0x05	; 5
 918:	61 f0       	breq	.+24     	; 0x932 <Endpoint_Write_Control_PStream_LE+0xba>
 91a:	80 91 e8 00 	lds	r24, 0x00E8	; 0x8000e8 <__TEXT_REGION_LENGTH__+0x7e00e8>
 91e:	83 fd       	sbrc	r24, 3
 920:	0a c0       	rjmp	.+20     	; 0x936 <Endpoint_Write_Control_PStream_LE+0xbe>
 922:	80 91 e8 00 	lds	r24, 0x00E8	; 0x8000e8 <__TEXT_REGION_LENGTH__+0x7e00e8>
 926:	82 ff       	sbrs	r24, 2
 928:	f2 cf       	rjmp	.-28     	; 0x90e <Endpoint_Write_Control_PStream_LE+0x96>
 92a:	80 e0       	ldi	r24, 0x00	; 0
 92c:	08 95       	ret
 92e:	82 e0       	ldi	r24, 0x02	; 2
 930:	08 95       	ret
 932:	83 e0       	ldi	r24, 0x03	; 3
 934:	08 95       	ret
 936:	81 e0       	ldi	r24, 0x01	; 1
 938:	08 95       	ret

0000093a <USB_SetupHardware>:
 93a:	84 b7       	in	r24, 0x34	; 52
 93c:	87 7f       	andi	r24, 0xF7	; 247
 93e:	84 bf       	out	0x34, r24	; 52
 940:	0f b6       	in	r0, 0x3f	; 63
 942:	f8 94       	cli
 944:	a8 95       	wdr
 946:	80 91 60 00 	lds	r24, 0x0060	; 0x800060 <__TEXT_REGION_LENGTH__+0x7e0060>
 94a:	88 61       	ori	r24, 0x18	; 24
 94c:	80 93 60 00 	sts	0x0060, r24	; 0x800060 <__TEXT_REGION_LENGTH__+0x7e0060>
 950:	10 92 60 00 	sts	0x0060, r1	; 0x800060 <__TEXT_REGION_LENGTH__+0x7e0060>
 954:	0f be       	out	0x3f, r0	; 63
 956:	90 e0       	ldi	r25, 0x00	; 0
 958:	80 e8       	ldi	r24, 0x80	; 128
 95a:	0f b6       	in	r0, 0x3f	; 63
 95c:	f8 94       	cli
 95e:	80 93 61 00 	sts	0x0061, r24	; 0x800061 <__TEXT_REGION_LENGTH__+0x7e0061>
 962:	90 93 61 00 	sts	0x0061, r25	; 0x800061 <__TEXT_REGION_LENGTH__+0x7e0061>
 966:	0f be       	out	0x3f, r0	; 63
 968:	0d d1       	rcall	.+538    	; 0xb84 <USB_Init>
 96a:	8a e1       	ldi	r24, 0x1A	; 26
 96c:	91 e0       	ldi	r25, 0x01	; 1
 96e:	c6 d0       	rcall	.+396    	; 0xafc <rb_initialize_C>
 970:	88 e0       	ldi	r24, 0x08	; 8
 972:	91 e0       	ldi	r25, 0x01	; 1
 974:	c3 c0       	rjmp	.+390    	; 0xafc <rb_initialize_C>

00000976 <EVENT_USB_Device_Connect>:
 976:	08 95       	ret

00000978 <EVENT_USB_Device_Disconnect>:
 978:	08 95       	ret

0000097a <EVENT_USB_Device_ConfigurationChanged>:
 97a:	42 e1       	ldi	r20, 0x12	; 18
 97c:	61 e8       	ldi	r22, 0x81	; 129
 97e:	81 e0       	ldi	r24, 0x01	; 1
 980:	c4 dd       	rcall	.-1144   	; 0x50a <Endpoint_ConfigureEndpoint_Prv>
 982:	42 e1       	ldi	r20, 0x12	; 18
 984:	60 e8       	ldi	r22, 0x80	; 128
 986:	82 e0       	ldi	r24, 0x02	; 2
 988:	c0 dd       	rcall	.-1152   	; 0x50a <Endpoint_ConfigureEndpoint_Prv>
 98a:	42 e0       	ldi	r20, 0x02	; 2
 98c:	61 ec       	ldi	r22, 0xC1	; 193
 98e:	83 e0       	ldi	r24, 0x03	; 3
 990:	bc dd       	rcall	.-1160   	; 0x50a <Endpoint_ConfigureEndpoint_Prv>
 992:	10 92 00 01 	sts	0x0100, r1	; 0x800100 <__data_start>
 996:	10 92 01 01 	sts	0x0101, r1	; 0x800101 <__data_start+0x1>
 99a:	10 92 02 01 	sts	0x0102, r1	; 0x800102 <__data_start+0x2>
 99e:	10 92 03 01 	sts	0x0103, r1	; 0x800103 <__data_start+0x3>
 9a2:	08 95       	ret

000009a4 <EVENT_USB_Device_ControlRequest>:
 9a4:	80 91 37 01 	lds	r24, 0x0137	; 0x800137 <USB_ControlRequest+0x1>
 9a8:	81 32       	cpi	r24, 0x21	; 33
 9aa:	29 f0       	breq	.+10     	; 0x9b6 <EVENT_USB_Device_ControlRequest+0x12>
 9ac:	82 32       	cpi	r24, 0x22	; 34
 9ae:	49 f1       	breq	.+82     	; 0xa02 <EVENT_USB_Device_ControlRequest+0x5e>
 9b0:	80 32       	cpi	r24, 0x20	; 32
 9b2:	89 f5       	brne	.+98     	; 0xa16 <EVENT_USB_Device_ControlRequest+0x72>
 9b4:	12 c0       	rjmp	.+36     	; 0x9da <EVENT_USB_Device_ControlRequest+0x36>
 9b6:	80 91 36 01 	lds	r24, 0x0136	; 0x800136 <USB_ControlRequest>
 9ba:	81 3a       	cpi	r24, 0xA1	; 161
 9bc:	61 f5       	brne	.+88     	; 0xa16 <EVENT_USB_Device_ControlRequest+0x72>
 9be:	80 91 e8 00 	lds	r24, 0x00E8	; 0x8000e8 <__TEXT_REGION_LENGTH__+0x7e00e8>
 9c2:	87 7f       	andi	r24, 0xF7	; 247
 9c4:	80 93 e8 00 	sts	0x00E8, r24	; 0x8000e8 <__TEXT_REGION_LENGTH__+0x7e00e8>
 9c8:	67 e0       	ldi	r22, 0x07	; 7
 9ca:	70 e0       	ldi	r23, 0x00	; 0
 9cc:	80 e0       	ldi	r24, 0x00	; 0
 9ce:	91 e0       	ldi	r25, 0x01	; 1
 9d0:	b5 de       	rcall	.-662    	; 0x73c <Endpoint_Write_Control_Stream_LE>
 9d2:	80 91 e8 00 	lds	r24, 0x00E8	; 0x8000e8 <__TEXT_REGION_LENGTH__+0x7e00e8>
 9d6:	8b 77       	andi	r24, 0x7B	; 123
 9d8:	11 c0       	rjmp	.+34     	; 0x9fc <EVENT_USB_Device_ControlRequest+0x58>
 9da:	80 91 36 01 	lds	r24, 0x0136	; 0x800136 <USB_ControlRequest>
 9de:	81 32       	cpi	r24, 0x21	; 33
 9e0:	d1 f4       	brne	.+52     	; 0xa16 <EVENT_USB_Device_ControlRequest+0x72>
 9e2:	80 91 e8 00 	lds	r24, 0x00E8	; 0x8000e8 <__TEXT_REGION_LENGTH__+0x7e00e8>
 9e6:	87 7f       	andi	r24, 0xF7	; 247
 9e8:	80 93 e8 00 	sts	0x00E8, r24	; 0x8000e8 <__TEXT_REGION_LENGTH__+0x7e00e8>
 9ec:	67 e0       	ldi	r22, 0x07	; 7
 9ee:	70 e0       	ldi	r23, 0x00	; 0
 9f0:	80 e0       	ldi	r24, 0x00	; 0
 9f2:	91 e0       	ldi	r25, 0x01	; 1
 9f4:	01 df       	rcall	.-510    	; 0x7f8 <Endpoint_Read_Control_Stream_LE>
 9f6:	80 91 e8 00 	lds	r24, 0x00E8	; 0x8000e8 <__TEXT_REGION_LENGTH__+0x7e00e8>
 9fa:	8e 77       	andi	r24, 0x7E	; 126
 9fc:	80 93 e8 00 	sts	0x00E8, r24	; 0x8000e8 <__TEXT_REGION_LENGTH__+0x7e00e8>
 a00:	08 95       	ret
 a02:	80 91 36 01 	lds	r24, 0x0136	; 0x800136 <USB_ControlRequest>
 a06:	81 32       	cpi	r24, 0x21	; 33
 a08:	31 f4       	brne	.+12     	; 0xa16 <EVENT_USB_Device_ControlRequest+0x72>
 a0a:	80 91 e8 00 	lds	r24, 0x00E8	; 0x8000e8 <__TEXT_REGION_LENGTH__+0x7e00e8>
 a0e:	87 7f       	andi	r24, 0xF7	; 247
 a10:	80 93 e8 00 	sts	0x00E8, r24	; 0x8000e8 <__TEXT_REGION_LENGTH__+0x7e00e8>
 a14:	af cd       	rjmp	.-1186   	; 0x574 <Endpoint_ClearStatusStage>
 a16:	08 95       	ret

00000a18 <USB_Echo_Task>:
 a18:	cf 92       	push	r12
 a1a:	df 92       	push	r13
 a1c:	ef 92       	push	r14
 a1e:	ff 92       	push	r15
 a20:	0f 93       	push	r16
 a22:	1f 93       	push	r17
 a24:	cf 93       	push	r28
 a26:	df 93       	push	r29
 a28:	cd b7       	in	r28, 0x3d	; 61
 a2a:	de b7       	in	r29, 0x3e	; 62
 a2c:	ed b6       	in	r14, 0x3d	; 61
 a2e:	fe b6       	in	r15, 0x3e	; 62
 a30:	80 91 35 01 	lds	r24, 0x0135	; 0x800135 <USB_DeviceState>
 a34:	84 30       	cpi	r24, 0x04	; 4
 a36:	09 f0       	breq	.+2      	; 0xa3a <USB_Echo_Task+0x22>
 a38:	42 c0       	rjmp	.+132    	; 0xabe <USB_Echo_Task+0xa6>
 a3a:	82 e0       	ldi	r24, 0x02	; 2
 a3c:	80 93 e9 00 	sts	0x00E9, r24	; 0x8000e9 <__TEXT_REGION_LENGTH__+0x7e00e9>
 a40:	80 91 e8 00 	lds	r24, 0x00E8	; 0x8000e8 <__TEXT_REGION_LENGTH__+0x7e00e8>
 a44:	82 ff       	sbrs	r24, 2
 a46:	3b c0       	rjmp	.+118    	; 0xabe <USB_Echo_Task+0xa6>
 a48:	20 91 f3 00 	lds	r18, 0x00F3	; 0x8000f3 <__TEXT_REGION_LENGTH__+0x7e00f3>
 a4c:	80 91 f2 00 	lds	r24, 0x00F2	; 0x8000f2 <__TEXT_REGION_LENGTH__+0x7e00f2>
 a50:	90 e0       	ldi	r25, 0x00	; 0
 a52:	92 2b       	or	r25, r18
 a54:	2d b7       	in	r18, 0x3d	; 61
 a56:	3e b7       	in	r19, 0x3e	; 62
 a58:	28 1b       	sub	r18, r24
 a5a:	39 0b       	sbc	r19, r25
 a5c:	0f b6       	in	r0, 0x3f	; 63
 a5e:	f8 94       	cli
 a60:	3e bf       	out	0x3e, r19	; 62
 a62:	0f be       	out	0x3f, r0	; 63
 a64:	2d bf       	out	0x3d, r18	; 61
 a66:	8d b7       	in	r24, 0x3d	; 61
 a68:	9e b7       	in	r25, 0x3e	; 62
 a6a:	01 96       	adiw	r24, 0x01	; 1
 a6c:	6c 01       	movw	r12, r24
 a6e:	80 91 f3 00 	lds	r24, 0x00F3	; 0x8000f3 <__TEXT_REGION_LENGTH__+0x7e00f3>
 a72:	00 91 f2 00 	lds	r16, 0x00F2	; 0x8000f2 <__TEXT_REGION_LENGTH__+0x7e00f2>
 a76:	10 e0       	ldi	r17, 0x00	; 0
 a78:	18 2b       	or	r17, r24
 a7a:	40 e0       	ldi	r20, 0x00	; 0
 a7c:	50 e0       	ldi	r21, 0x00	; 0
 a7e:	b8 01       	movw	r22, r16
 a80:	c6 01       	movw	r24, r12
 a82:	13 de       	rcall	.-986    	; 0x6aa <Endpoint_Read_Stream_LE>
 a84:	80 91 e8 00 	lds	r24, 0x00E8	; 0x8000e8 <__TEXT_REGION_LENGTH__+0x7e00e8>
 a88:	8b 77       	andi	r24, 0x7B	; 123
 a8a:	80 93 e8 00 	sts	0x00E8, r24	; 0x8000e8 <__TEXT_REGION_LENGTH__+0x7e00e8>
 a8e:	81 e0       	ldi	r24, 0x01	; 1
 a90:	80 93 e9 00 	sts	0x00E9, r24	; 0x8000e9 <__TEXT_REGION_LENGTH__+0x7e00e9>
 a94:	40 e0       	ldi	r20, 0x00	; 0
 a96:	50 e0       	ldi	r21, 0x00	; 0
 a98:	b8 01       	movw	r22, r16
 a9a:	c6 01       	movw	r24, r12
 a9c:	bd dd       	rcall	.-1158   	; 0x618 <Endpoint_Write_Stream_LE>
 a9e:	80 91 e8 00 	lds	r24, 0x00E8	; 0x8000e8 <__TEXT_REGION_LENGTH__+0x7e00e8>
 aa2:	8e 77       	andi	r24, 0x7E	; 126
 aa4:	80 93 e8 00 	sts	0x00E8, r24	; 0x8000e8 <__TEXT_REGION_LENGTH__+0x7e00e8>
 aa8:	84 dd       	rcall	.-1272   	; 0x5b2 <Endpoint_WaitUntilReady>
 aaa:	80 91 e8 00 	lds	r24, 0x00E8	; 0x8000e8 <__TEXT_REGION_LENGTH__+0x7e00e8>
 aae:	8e 77       	andi	r24, 0x7E	; 126
 ab0:	80 93 e8 00 	sts	0x00E8, r24	; 0x8000e8 <__TEXT_REGION_LENGTH__+0x7e00e8>
 ab4:	0f b6       	in	r0, 0x3f	; 63
 ab6:	f8 94       	cli
 ab8:	fe be       	out	0x3e, r15	; 62
 aba:	0f be       	out	0x3f, r0	; 63
 abc:	ed be       	out	0x3d, r14	; 61
 abe:	0f b6       	in	r0, 0x3f	; 63
 ac0:	f8 94       	cli
 ac2:	fe be       	out	0x3e, r15	; 62
 ac4:	0f be       	out	0x3f, r0	; 63
 ac6:	ed be       	out	0x3d, r14	; 61
 ac8:	df 91       	pop	r29
 aca:	cf 91       	pop	r28
 acc:	1f 91       	pop	r17
 ace:	0f 91       	pop	r16
 ad0:	ff 90       	pop	r15
 ad2:	ef 90       	pop	r14
 ad4:	df 90       	pop	r13
 ad6:	cf 90       	pop	r12
 ad8:	08 95       	ret

00000ada <SetupTimer0>:
 ada:	10 92 2c 01 	sts	0x012C, r1	; 0x80012c <_count_ms>
 ade:	10 92 2d 01 	sts	0x012D, r1	; 0x80012d <_count_ms+0x1>
 ae2:	10 92 2e 01 	sts	0x012E, r1	; 0x80012e <_count_ms+0x2>
 ae6:	10 92 2f 01 	sts	0x012F, r1	; 0x80012f <_count_ms+0x3>
 aea:	10 92 31 01 	sts	0x0131, r1	; 0x800131 <ms_counter_1>
 aee:	10 92 33 01 	sts	0x0133, r1	; 0x800133 <ms_counter_2>
 af2:	10 92 30 01 	sts	0x0130, r1	; 0x800130 <ms_counter_3>
 af6:	10 92 32 01 	sts	0x0132, r1	; 0x800132 <ms_counter_4>
 afa:	08 95       	ret

00000afc <rb_initialize_C>:
 afc:	fc 01       	movw	r30, r24
 afe:	10 8a       	std	Z+16, r1	; 0x10
 b00:	11 8a       	std	Z+17, r1	; 0x11
 b02:	08 95       	ret

00000b04 <USB_ResetInterface>:
 b04:	0f 93       	push	r16
 b06:	1f 93       	push	r17
 b08:	cf 93       	push	r28
 b0a:	df 93       	push	r29
 b0c:	4b d0       	rcall	.+150    	; 0xba4 <USB_INT_DisableAllInterrupts>
 b0e:	52 d0       	rcall	.+164    	; 0xbb4 <USB_INT_ClearAllInterrupts>
 b10:	c8 ed       	ldi	r28, 0xD8	; 216
 b12:	d0 e0       	ldi	r29, 0x00	; 0
 b14:	88 81       	ld	r24, Y
 b16:	8f 77       	andi	r24, 0x7F	; 127
 b18:	88 83       	st	Y, r24
 b1a:	88 81       	ld	r24, Y
 b1c:	80 68       	ori	r24, 0x80	; 128
 b1e:	88 83       	st	Y, r24
 b20:	88 81       	ld	r24, Y
 b22:	8f 7d       	andi	r24, 0xDF	; 223
 b24:	88 83       	st	Y, r24
 b26:	19 bc       	out	0x29, r1	; 41
 b28:	10 92 35 01 	sts	0x0135, r1	; 0x800135 <USB_DeviceState>
 b2c:	10 92 3e 01 	sts	0x013E, r1	; 0x80013e <USB_Device_ConfigurationNumber>
 b30:	10 92 40 01 	sts	0x0140, r1	; 0x800140 <USB_Device_RemoteWakeupEnabled>
 b34:	10 92 3f 01 	sts	0x013F, r1	; 0x80013f <USB_Device_CurrentlySelfPowered>
 b38:	00 ee       	ldi	r16, 0xE0	; 224
 b3a:	10 e0       	ldi	r17, 0x00	; 0
 b3c:	f8 01       	movw	r30, r16
 b3e:	80 81       	ld	r24, Z
 b40:	8b 7f       	andi	r24, 0xFB	; 251
 b42:	80 83       	st	Z, r24
 b44:	88 81       	ld	r24, Y
 b46:	81 60       	ori	r24, 0x01	; 1
 b48:	88 83       	st	Y, r24
 b4a:	42 e0       	ldi	r20, 0x02	; 2
 b4c:	60 e0       	ldi	r22, 0x00	; 0
 b4e:	80 e0       	ldi	r24, 0x00	; 0
 b50:	dc dc       	rcall	.-1608   	; 0x50a <Endpoint_ConfigureEndpoint_Prv>
 b52:	e1 ee       	ldi	r30, 0xE1	; 225
 b54:	f0 e0       	ldi	r31, 0x00	; 0
 b56:	80 81       	ld	r24, Z
 b58:	8e 7f       	andi	r24, 0xFE	; 254
 b5a:	80 83       	st	Z, r24
 b5c:	e2 ee       	ldi	r30, 0xE2	; 226
 b5e:	f0 e0       	ldi	r31, 0x00	; 0
 b60:	80 81       	ld	r24, Z
 b62:	81 60       	ori	r24, 0x01	; 1
 b64:	80 83       	st	Z, r24
 b66:	80 81       	ld	r24, Z
 b68:	88 60       	ori	r24, 0x08	; 8
 b6a:	80 83       	st	Z, r24
 b6c:	f8 01       	movw	r30, r16
 b6e:	80 81       	ld	r24, Z
 b70:	8e 7f       	andi	r24, 0xFE	; 254
 b72:	80 83       	st	Z, r24
 b74:	88 81       	ld	r24, Y
 b76:	80 61       	ori	r24, 0x10	; 16
 b78:	88 83       	st	Y, r24
 b7a:	df 91       	pop	r29
 b7c:	cf 91       	pop	r28
 b7e:	1f 91       	pop	r17
 b80:	0f 91       	pop	r16
 b82:	08 95       	ret

00000b84 <USB_Init>:
 b84:	e8 ed       	ldi	r30, 0xD8	; 216
 b86:	f0 e0       	ldi	r31, 0x00	; 0
 b88:	80 81       	ld	r24, Z
 b8a:	8f 7e       	andi	r24, 0xEF	; 239
 b8c:	80 83       	st	Z, r24
 b8e:	e7 ed       	ldi	r30, 0xD7	; 215
 b90:	f0 e0       	ldi	r31, 0x00	; 0
 b92:	80 81       	ld	r24, Z
 b94:	81 60       	ori	r24, 0x01	; 1
 b96:	80 83       	st	Z, r24
 b98:	84 e0       	ldi	r24, 0x04	; 4
 b9a:	82 bf       	out	0x32, r24	; 50
 b9c:	81 e0       	ldi	r24, 0x01	; 1
 b9e:	80 93 34 01 	sts	0x0134, r24	; 0x800134 <USB_IsInitialized>
 ba2:	b0 cf       	rjmp	.-160    	; 0xb04 <USB_ResetInterface>

00000ba4 <USB_INT_DisableAllInterrupts>:
 ba4:	e8 ed       	ldi	r30, 0xD8	; 216
 ba6:	f0 e0       	ldi	r31, 0x00	; 0
 ba8:	80 81       	ld	r24, Z
 baa:	8e 7f       	andi	r24, 0xFE	; 254
 bac:	80 83       	st	Z, r24
 bae:	10 92 e2 00 	sts	0x00E2, r1	; 0x8000e2 <__TEXT_REGION_LENGTH__+0x7e00e2>
 bb2:	08 95       	ret

00000bb4 <USB_INT_ClearAllInterrupts>:
 bb4:	10 92 da 00 	sts	0x00DA, r1	; 0x8000da <__TEXT_REGION_LENGTH__+0x7e00da>
 bb8:	10 92 e1 00 	sts	0x00E1, r1	; 0x8000e1 <__TEXT_REGION_LENGTH__+0x7e00e1>
 bbc:	08 95       	ret

00000bbe <__vector_10>:
 bbe:	1f 92       	push	r1
 bc0:	0f 92       	push	r0
 bc2:	0f b6       	in	r0, 0x3f	; 63
 bc4:	0f 92       	push	r0
 bc6:	11 24       	eor	r1, r1
 bc8:	2f 93       	push	r18
 bca:	3f 93       	push	r19
 bcc:	4f 93       	push	r20
 bce:	5f 93       	push	r21
 bd0:	6f 93       	push	r22
 bd2:	7f 93       	push	r23
 bd4:	8f 93       	push	r24
 bd6:	9f 93       	push	r25
 bd8:	af 93       	push	r26
 bda:	bf 93       	push	r27
 bdc:	ef 93       	push	r30
 bde:	ff 93       	push	r31
 be0:	80 91 e1 00 	lds	r24, 0x00E1	; 0x8000e1 <__TEXT_REGION_LENGTH__+0x7e00e1>
 be4:	82 ff       	sbrs	r24, 2
 be6:	0a c0       	rjmp	.+20     	; 0xbfc <__vector_10+0x3e>
 be8:	80 91 e2 00 	lds	r24, 0x00E2	; 0x8000e2 <__TEXT_REGION_LENGTH__+0x7e00e2>
 bec:	82 ff       	sbrs	r24, 2
 bee:	06 c0       	rjmp	.+12     	; 0xbfc <__vector_10+0x3e>
 bf0:	80 91 e1 00 	lds	r24, 0x00E1	; 0x8000e1 <__TEXT_REGION_LENGTH__+0x7e00e1>
 bf4:	8b 7f       	andi	r24, 0xFB	; 251
 bf6:	80 93 e1 00 	sts	0x00E1, r24	; 0x8000e1 <__TEXT_REGION_LENGTH__+0x7e00e1>
 bfa:	86 dc       	rcall	.-1780   	; 0x508 <USB_Event_Stub>
 bfc:	80 91 da 00 	lds	r24, 0x00DA	; 0x8000da <__TEXT_REGION_LENGTH__+0x7e00da>
 c00:	80 ff       	sbrs	r24, 0
 c02:	1d c0       	rjmp	.+58     	; 0xc3e <__vector_10+0x80>
 c04:	80 91 d8 00 	lds	r24, 0x00D8	; 0x8000d8 <__TEXT_REGION_LENGTH__+0x7e00d8>
 c08:	80 ff       	sbrs	r24, 0
 c0a:	19 c0       	rjmp	.+50     	; 0xc3e <__vector_10+0x80>
 c0c:	80 91 da 00 	lds	r24, 0x00DA	; 0x8000da <__TEXT_REGION_LENGTH__+0x7e00da>
 c10:	8e 7f       	andi	r24, 0xFE	; 254
 c12:	80 93 da 00 	sts	0x00DA, r24	; 0x8000da <__TEXT_REGION_LENGTH__+0x7e00da>
 c16:	80 91 d9 00 	lds	r24, 0x00D9	; 0x8000d9 <__TEXT_REGION_LENGTH__+0x7e00d9>
 c1a:	80 ff       	sbrs	r24, 0
 c1c:	0c c0       	rjmp	.+24     	; 0xc36 <__vector_10+0x78>
 c1e:	80 e1       	ldi	r24, 0x10	; 16
 c20:	89 bd       	out	0x29, r24	; 41
 c22:	82 e1       	ldi	r24, 0x12	; 18
 c24:	89 bd       	out	0x29, r24	; 41
 c26:	09 b4       	in	r0, 0x29	; 41
 c28:	00 fe       	sbrs	r0, 0
 c2a:	fd cf       	rjmp	.-6      	; 0xc26 <__vector_10+0x68>
 c2c:	81 e0       	ldi	r24, 0x01	; 1
 c2e:	80 93 35 01 	sts	0x0135, r24	; 0x800135 <USB_DeviceState>
 c32:	a1 de       	rcall	.-702    	; 0x976 <EVENT_USB_Device_Connect>
 c34:	04 c0       	rjmp	.+8      	; 0xc3e <__vector_10+0x80>
 c36:	19 bc       	out	0x29, r1	; 41
 c38:	10 92 35 01 	sts	0x0135, r1	; 0x800135 <USB_DeviceState>
 c3c:	9d de       	rcall	.-710    	; 0x978 <EVENT_USB_Device_Disconnect>
 c3e:	80 91 e1 00 	lds	r24, 0x00E1	; 0x8000e1 <__TEXT_REGION_LENGTH__+0x7e00e1>
 c42:	80 ff       	sbrs	r24, 0
 c44:	18 c0       	rjmp	.+48     	; 0xc76 <__vector_10+0xb8>
 c46:	80 91 e2 00 	lds	r24, 0x00E2	; 0x8000e2 <__TEXT_REGION_LENGTH__+0x7e00e2>
 c4a:	80 ff       	sbrs	r24, 0
 c4c:	14 c0       	rjmp	.+40     	; 0xc76 <__vector_10+0xb8>
 c4e:	80 91 e2 00 	lds	r24, 0x00E2	; 0x8000e2 <__TEXT_REGION_LENGTH__+0x7e00e2>
 c52:	8e 7f       	andi	r24, 0xFE	; 254
 c54:	80 93 e2 00 	sts	0x00E2, r24	; 0x8000e2 <__TEXT_REGION_LENGTH__+0x7e00e2>
 c58:	80 91 e2 00 	lds	r24, 0x00E2	; 0x8000e2 <__TEXT_REGION_LENGTH__+0x7e00e2>
 c5c:	80 61       	ori	r24, 0x10	; 16
 c5e:	80 93 e2 00 	sts	0x00E2, r24	; 0x8000e2 <__TEXT_REGION_LENGTH__+0x7e00e2>
 c62:	80 91 d8 00 	lds	r24, 0x00D8	; 0x8000d8 <__TEXT_REGION_LENGTH__+0x7e00d8>
 c66:	80 62       	ori	r24, 0x20	; 32
 c68:	80 93 d8 00 	sts	0x00D8, r24	; 0x8000d8 <__TEXT_REGION_LENGTH__+0x7e00d8>
 c6c:	19 bc       	out	0x29, r1	; 41
 c6e:	85 e0       	ldi	r24, 0x05	; 5
 c70:	80 93 35 01 	sts	0x0135, r24	; 0x800135 <USB_DeviceState>
 c74:	49 dc       	rcall	.-1902   	; 0x508 <USB_Event_Stub>
 c76:	80 91 e1 00 	lds	r24, 0x00E1	; 0x8000e1 <__TEXT_REGION_LENGTH__+0x7e00e1>
 c7a:	84 ff       	sbrs	r24, 4
 c7c:	2f c0       	rjmp	.+94     	; 0xcdc <__vector_10+0x11e>
 c7e:	80 91 e2 00 	lds	r24, 0x00E2	; 0x8000e2 <__TEXT_REGION_LENGTH__+0x7e00e2>
 c82:	84 ff       	sbrs	r24, 4
 c84:	2b c0       	rjmp	.+86     	; 0xcdc <__vector_10+0x11e>
 c86:	80 e1       	ldi	r24, 0x10	; 16
 c88:	89 bd       	out	0x29, r24	; 41
 c8a:	82 e1       	ldi	r24, 0x12	; 18
 c8c:	89 bd       	out	0x29, r24	; 41
 c8e:	09 b4       	in	r0, 0x29	; 41
 c90:	00 fe       	sbrs	r0, 0
 c92:	fd cf       	rjmp	.-6      	; 0xc8e <__vector_10+0xd0>
 c94:	80 91 d8 00 	lds	r24, 0x00D8	; 0x8000d8 <__TEXT_REGION_LENGTH__+0x7e00d8>
 c98:	8f 7d       	andi	r24, 0xDF	; 223
 c9a:	80 93 d8 00 	sts	0x00D8, r24	; 0x8000d8 <__TEXT_REGION_LENGTH__+0x7e00d8>
 c9e:	80 91 e1 00 	lds	r24, 0x00E1	; 0x8000e1 <__TEXT_REGION_LENGTH__+0x7e00e1>
 ca2:	8f 7e       	andi	r24, 0xEF	; 239
 ca4:	80 93 e1 00 	sts	0x00E1, r24	; 0x8000e1 <__TEXT_REGION_LENGTH__+0x7e00e1>
 ca8:	80 91 e2 00 	lds	r24, 0x00E2	; 0x8000e2 <__TEXT_REGION_LENGTH__+0x7e00e2>
 cac:	8f 7e       	andi	r24, 0xEF	; 239
 cae:	80 93 e2 00 	sts	0x00E2, r24	; 0x8000e2 <__TEXT_REGION_LENGTH__+0x7e00e2>
 cb2:	80 91 e2 00 	lds	r24, 0x00E2	; 0x8000e2 <__TEXT_REGION_LENGTH__+0x7e00e2>
 cb6:	81 60       	ori	r24, 0x01	; 1
 cb8:	80 93 e2 00 	sts	0x00E2, r24	; 0x8000e2 <__TEXT_REGION_LENGTH__+0x7e00e2>
 cbc:	80 91 3e 01 	lds	r24, 0x013E	; 0x80013e <USB_Device_ConfigurationNumber>
 cc0:	88 23       	and	r24, r24
 cc2:	11 f0       	breq	.+4      	; 0xcc8 <__vector_10+0x10a>
 cc4:	84 e0       	ldi	r24, 0x04	; 4
 cc6:	07 c0       	rjmp	.+14     	; 0xcd6 <__vector_10+0x118>
 cc8:	80 91 e3 00 	lds	r24, 0x00E3	; 0x8000e3 <__TEXT_REGION_LENGTH__+0x7e00e3>
 ccc:	87 fd       	sbrc	r24, 7
 cce:	02 c0       	rjmp	.+4      	; 0xcd4 <__vector_10+0x116>
 cd0:	81 e0       	ldi	r24, 0x01	; 1
 cd2:	01 c0       	rjmp	.+2      	; 0xcd6 <__vector_10+0x118>
 cd4:	83 e0       	ldi	r24, 0x03	; 3
 cd6:	80 93 35 01 	sts	0x0135, r24	; 0x800135 <USB_DeviceState>
 cda:	16 dc       	rcall	.-2004   	; 0x508 <USB_Event_Stub>
 cdc:	80 91 e1 00 	lds	r24, 0x00E1	; 0x8000e1 <__TEXT_REGION_LENGTH__+0x7e00e1>
 ce0:	83 ff       	sbrs	r24, 3
 ce2:	27 c0       	rjmp	.+78     	; 0xd32 <__vector_10+0x174>
 ce4:	80 91 e2 00 	lds	r24, 0x00E2	; 0x8000e2 <__TEXT_REGION_LENGTH__+0x7e00e2>
 ce8:	83 ff       	sbrs	r24, 3
 cea:	23 c0       	rjmp	.+70     	; 0xd32 <__vector_10+0x174>
 cec:	80 91 e1 00 	lds	r24, 0x00E1	; 0x8000e1 <__TEXT_REGION_LENGTH__+0x7e00e1>
 cf0:	87 7f       	andi	r24, 0xF7	; 247
 cf2:	80 93 e1 00 	sts	0x00E1, r24	; 0x8000e1 <__TEXT_REGION_LENGTH__+0x7e00e1>
 cf6:	82 e0       	ldi	r24, 0x02	; 2
 cf8:	80 93 35 01 	sts	0x0135, r24	; 0x800135 <USB_DeviceState>
 cfc:	10 92 3e 01 	sts	0x013E, r1	; 0x80013e <USB_Device_ConfigurationNumber>
 d00:	80 91 e1 00 	lds	r24, 0x00E1	; 0x8000e1 <__TEXT_REGION_LENGTH__+0x7e00e1>
 d04:	8e 7f       	andi	r24, 0xFE	; 254
 d06:	80 93 e1 00 	sts	0x00E1, r24	; 0x8000e1 <__TEXT_REGION_LENGTH__+0x7e00e1>
 d0a:	80 91 e2 00 	lds	r24, 0x00E2	; 0x8000e2 <__TEXT_REGION_LENGTH__+0x7e00e2>
 d0e:	8e 7f       	andi	r24, 0xFE	; 254
 d10:	80 93 e2 00 	sts	0x00E2, r24	; 0x8000e2 <__TEXT_REGION_LENGTH__+0x7e00e2>
 d14:	80 91 e2 00 	lds	r24, 0x00E2	; 0x8000e2 <__TEXT_REGION_LENGTH__+0x7e00e2>
 d18:	80 61       	ori	r24, 0x10	; 16
 d1a:	80 93 e2 00 	sts	0x00E2, r24	; 0x8000e2 <__TEXT_REGION_LENGTH__+0x7e00e2>
 d1e:	42 e0       	ldi	r20, 0x02	; 2
 d20:	60 e0       	ldi	r22, 0x00	; 0
 d22:	80 e0       	ldi	r24, 0x00	; 0
 d24:	f2 db       	rcall	.-2076   	; 0x50a <Endpoint_ConfigureEndpoint_Prv>
 d26:	80 91 f0 00 	lds	r24, 0x00F0	; 0x8000f0 <__TEXT_REGION_LENGTH__+0x7e00f0>
 d2a:	88 60       	ori	r24, 0x08	; 8
 d2c:	80 93 f0 00 	sts	0x00F0, r24	; 0x8000f0 <__TEXT_REGION_LENGTH__+0x7e00f0>
 d30:	eb db       	rcall	.-2090   	; 0x508 <USB_Event_Stub>
 d32:	ff 91       	pop	r31
 d34:	ef 91       	pop	r30
 d36:	bf 91       	pop	r27
 d38:	af 91       	pop	r26
 d3a:	9f 91       	pop	r25
 d3c:	8f 91       	pop	r24
 d3e:	7f 91       	pop	r23
 d40:	6f 91       	pop	r22
 d42:	5f 91       	pop	r21
 d44:	4f 91       	pop	r20
 d46:	3f 91       	pop	r19
 d48:	2f 91       	pop	r18
 d4a:	0f 90       	pop	r0
 d4c:	0f be       	out	0x3f, r0	; 63
 d4e:	0f 90       	pop	r0
 d50:	1f 90       	pop	r1
 d52:	18 95       	reti

00000d54 <__vector_11>:
 d54:	1f 92       	push	r1
 d56:	0f 92       	push	r0
 d58:	0f b6       	in	r0, 0x3f	; 63
 d5a:	0f 92       	push	r0
 d5c:	11 24       	eor	r1, r1
 d5e:	2f 93       	push	r18
 d60:	3f 93       	push	r19
 d62:	4f 93       	push	r20
 d64:	5f 93       	push	r21
 d66:	6f 93       	push	r22
 d68:	7f 93       	push	r23
 d6a:	8f 93       	push	r24
 d6c:	9f 93       	push	r25
 d6e:	af 93       	push	r26
 d70:	bf 93       	push	r27
 d72:	cf 93       	push	r28
 d74:	df 93       	push	r29
 d76:	ef 93       	push	r30
 d78:	ff 93       	push	r31
 d7a:	c0 91 e9 00 	lds	r28, 0x00E9	; 0x8000e9 <__TEXT_REGION_LENGTH__+0x7e00e9>
 d7e:	cf 70       	andi	r28, 0x0F	; 15
 d80:	80 91 ec 00 	lds	r24, 0x00EC	; 0x8000ec <__TEXT_REGION_LENGTH__+0x7e00ec>
 d84:	d8 2f       	mov	r29, r24
 d86:	d1 70       	andi	r29, 0x01	; 1
 d88:	80 fd       	sbrc	r24, 0
 d8a:	d0 e8       	ldi	r29, 0x80	; 128
 d8c:	10 92 e9 00 	sts	0x00E9, r1	; 0x8000e9 <__TEXT_REGION_LENGTH__+0x7e00e9>
 d90:	80 91 f0 00 	lds	r24, 0x00F0	; 0x8000f0 <__TEXT_REGION_LENGTH__+0x7e00f0>
 d94:	87 7f       	andi	r24, 0xF7	; 247
 d96:	80 93 f0 00 	sts	0x00F0, r24	; 0x8000f0 <__TEXT_REGION_LENGTH__+0x7e00f0>
 d9a:	78 94       	sei
 d9c:	2e da       	rcall	.-2980   	; 0x1fa <USB_Device_ProcessControlRequest>
 d9e:	10 92 e9 00 	sts	0x00E9, r1	; 0x8000e9 <__TEXT_REGION_LENGTH__+0x7e00e9>
 da2:	80 91 f0 00 	lds	r24, 0x00F0	; 0x8000f0 <__TEXT_REGION_LENGTH__+0x7e00f0>
 da6:	88 60       	ori	r24, 0x08	; 8
 da8:	80 93 f0 00 	sts	0x00F0, r24	; 0x8000f0 <__TEXT_REGION_LENGTH__+0x7e00f0>
 dac:	cd 2b       	or	r28, r29
 dae:	cf 70       	andi	r28, 0x0F	; 15
 db0:	c0 93 e9 00 	sts	0x00E9, r28	; 0x8000e9 <__TEXT_REGION_LENGTH__+0x7e00e9>
 db4:	ff 91       	pop	r31
 db6:	ef 91       	pop	r30
 db8:	df 91       	pop	r29
 dba:	cf 91       	pop	r28
 dbc:	bf 91       	pop	r27
 dbe:	af 91       	pop	r26
 dc0:	9f 91       	pop	r25
 dc2:	8f 91       	pop	r24
 dc4:	7f 91       	pop	r23
 dc6:	6f 91       	pop	r22
 dc8:	5f 91       	pop	r21
 dca:	4f 91       	pop	r20
 dcc:	3f 91       	pop	r19
 dce:	2f 91       	pop	r18
 dd0:	0f 90       	pop	r0
 dd2:	0f be       	out	0x3f, r0	; 63
 dd4:	0f 90       	pop	r0
 dd6:	1f 90       	pop	r1
 dd8:	18 95       	reti

00000dda <__tablejump2__>:
 dda:	ee 0f       	add	r30, r30
 ddc:	ff 1f       	adc	r31, r31
 dde:	05 90       	lpm	r0, Z+
 de0:	f4 91       	lpm	r31, Z
 de2:	e0 2d       	mov	r30, r0
 de4:	09 94       	ijmp

00000de6 <_exit>:
 de6:	f8 94       	cli

00000de8 <__stop_program>:
 de8:	ff cf       	rjmp	.-2      	; 0xde8 <__stop_program>
